2025-06-13T09:58:07.914Z [ERROR]: Error: invalid col:-1
    at Proxy.getNotationsAtCell (http://localhost:3000/src/store/pinia/notationStore.ts:164:13)
    at Proxy.<anonymous> (http://localhost:3000/node_modules/.vite/deps/pinia.js?v=d838276b:1100:22)
    at store.<computed> (http://localhost:3000/node_modules/.vite/deps/pinia.js?v=d838276b:781:44)
    at Object.addSymbolNotation (http://localhost:3000/src/helpers/notationMutateHelper.ts:700:45)
    at http://localhost:3000/src/components/LeftToolbar.vue:190:34
    at http://localhost:3000/src/helpers/watchHelper.ts:47:13
    at callWithErrorHandling (http://localhost:3000/node_modules/.vite/deps/chunk-GNBNPM2D.js?v=d838276b:2289:19)
    at callWithAsyncErrorHandling (http://localhost:3000/node_modules/.vite/deps/chunk-GNBNPM2D.js?v=d838276b:2296:17)
    at baseWatchOptions.call (http://localhost:3000/node_modules/.vite/deps/chunk-GNBNPM2D.js?v=d838276b:8372:47)
    at job (http://localhost:3000/node_modules/.vite/deps/chunk-GNBNPM2D.js?v=d838276b:2015:18)
2025-06-13T09:58:51.420Z [ERROR]: Error: invalid col:-1
    at Proxy.getNotationsAtCell (http://localhost:3000/src/store/pinia/notationStore.ts:164:13)
    at Proxy.<anonymous> (http://localhost:3000/node_modules/.vite/deps/pinia.js?v=d838276b:1100:22)
    at store.<computed> (http://localhost:3000/node_modules/.vite/deps/pinia.js?v=d838276b:781:44)
    at Object.addSymbolNotation (http://localhost:3000/src/helpers/notationMutateHelper.ts:700:45)
    at http://localhost:3000/src/components/LeftToolbar.vue:190:34
    at http://localhost:3000/src/helpers/watchHelper.ts:47:13
    at callWithErrorHandling (http://localhost:3000/node_modules/.vite/deps/chunk-GNBNPM2D.js?v=d838276b:2289:19)
    at callWithAsyncErrorHandling (http://localhost:3000/node_modules/.vite/deps/chunk-GNBNPM2D.js?v=d838276b:2296:17)
    at baseWatchOptions.call (http://localhost:3000/node_modules/.vite/deps/chunk-GNBNPM2D.js?v=d838276b:8372:47)
    at job (http://localhost:3000/node_modules/.vite/deps/chunk-GNBNPM2D.js?v=d838276b:2015:18)
2025-06-13T10:03:25.041Z [ERROR]: ReferenceError: cell is not defined
    at Proxy.setDefaultEditMode (http://localhost:3000/src/store/pinia/editModeStore.ts?t=1749808931876:159:5)
    at Proxy.<anonymous> (http://localhost:3000/node_modules/.vite/deps/pinia.js?v=d838276b:1100:22)
    at store.<computed> (http://localhost:3000/node_modules/.vite/deps/pinia.js?v=d838276b:781:44)
    at loadLesson (http://localhost:3000/src/components/Lesson.vue?t=1749808994363:46:21)
    at watch.immediate (http://localhost:3000/src/components/Lesson.vue?t=1749808994363:37:15)
    at callWithErrorHandling (http://localhost:3000/node_modules/.vite/deps/chunk-GNBNPM2D.js?v=d838276b:2289:19)
    at callWithAsyncErrorHandling (http://localhost:3000/node_modules/.vite/deps/chunk-GNBNPM2D.js?v=d838276b:2296:17)
    at baseWatchOptions.call (http://localhost:3000/node_modules/.vite/deps/chunk-GNBNPM2D.js?v=d838276b:8372:47)
    at job (http://localhost:3000/node_modules/.vite/deps/chunk-GNBNPM2D.js?v=d838276b:2015:18)
    at watch (http://localhost:3000/node_modules/.vite/deps/chunk-GNBNPM2D.js?v=d838276b:2052:7)
2025-06-13T10:04:34.920Z [ERROR]: ReferenceError: cell is not defined
    at Proxy.setDefaultEditMode (http://localhost:3000/src/store/pinia/editModeStore.ts?t=1749808931876:159:5)
    at Proxy.<anonymous> (http://localhost:3000/node_modules/.vite/deps/pinia.js?v=d838276b:1100:22)
    at store.<computed> (http://localhost:3000/node_modules/.vite/deps/pinia.js?v=d838276b:781:44)
    at loadLesson (http://localhost:3000/src/components/Lesson.vue?t=1749809016789:46:21)
    at watch.immediate (http://localhost:3000/src/components/Lesson.vue?t=1749809016789:37:15)
    at callWithErrorHandling (http://localhost:3000/node_modules/.vite/deps/chunk-GNBNPM2D.js?v=d838276b:2289:19)
    at callWithAsyncErrorHandling (http://localhost:3000/node_modules/.vite/deps/chunk-GNBNPM2D.js?v=d838276b:2296:17)
    at baseWatchOptions.call (http://localhost:3000/node_modules/.vite/deps/chunk-GNBNPM2D.js?v=d838276b:8372:47)
    at job (http://localhost:3000/node_modules/.vite/deps/chunk-GNBNPM2D.js?v=d838276b:2015:18)
    at watch (http://localhost:3000/node_modules/.vite/deps/chunk-GNBNPM2D.js?v=d838276b:2052:7)
2025-06-13T10:05:31.818Z [ERROR]: Error: invalid col:-1
    at Proxy.getNotationsAtCell (http://localhost:3000/src/store/pinia/notationStore.ts?t=1749809087884:164:13)
    at Proxy.<anonymous> (http://localhost:3000/node_modules/.vite/deps/pinia.js?v=d838276b:1100:22)
    at store.<computed> (http://localhost:3000/node_modules/.vite/deps/pinia.js?v=d838276b:781:44)
    at Object.addSymbolNotation (http://localhost:3000/src/helpers/notationMutateHelper.ts?t=1749809087884:700:45)
    at http://localhost:3000/src/components/LeftToolbar.vue?t=1749809087884:190:34
    at http://localhost:3000/src/helpers/watchHelper.ts?t=1749809087884:47:13
    at callWithErrorHandling (http://localhost:3000/node_modules/.vite/deps/chunk-GNBNPM2D.js?v=d838276b:2289:19)
    at callWithAsyncErrorHandling (http://localhost:3000/node_modules/.vite/deps/chunk-GNBNPM2D.js?v=d838276b:2296:17)
    at baseWatchOptions.call (http://localhost:3000/node_modules/.vite/deps/chunk-GNBNPM2D.js?v=d838276b:8372:47)
    at job (http://localhost:3000/node_modules/.vite/deps/chunk-GNBNPM2D.js?v=d838276b:2015:18)
2025-06-13T12:04:19.041Z [ERROR]: TypeError: Cannot read properties of undefined (reading 'notationType')
    at selectClickedPosition (http://localhost:3000/src/helpers/selectionHelper.ts?t=1749809087884:166:17)
    at http://localhost:3000/src/helpers/watchHelper.ts?t=1749809087884:18:11
    at callWithErrorHandling (http://localhost:3000/node_modules/.vite/deps/chunk-GNBNPM2D.js?v=d838276b:2289:19)
    at callWithAsyncErrorHandling (http://localhost:3000/node_modules/.vite/deps/chunk-GNBNPM2D.js?v=d838276b:2296:17)
    at baseWatchOptions.call (http://localhost:3000/node_modules/.vite/deps/chunk-GNBNPM2D.js?v=d838276b:8372:47)
    at job (http://localhost:3000/node_modules/.vite/deps/chunk-GNBNPM2D.js?v=d838276b:2015:18)
    at callWithErrorHandling (http://localhost:3000/node_modules/.vite/deps/chunk-GNBNPM2D.js?v=d838276b:2289:33)
    at flushJobs (http://localhost:3000/node_modules/.vite/deps/chunk-GNBNPM2D.js?v=d838276b:2498:9)
2025-06-13T14:30:03.863Z [ERROR]: ReferenceError: authorizationHelper is not defined
    at ComputedRefImpl.fn (http://localhost:3000/src/components/SpecialSymbolsToolbar.vue?t=1749825003423:19:7)
    at refreshComputed (http://localhost:3000/node_modules/.vite/deps/chunk-GNBNPM2D.js?v=d838276b:651:29)
    at get value (http://localhost:3000/node_modules/.vite/deps/chunk-GNBNPM2D.js?v=d838276b:1849:5)
    at unref (http://localhost:3000/node_modules/.vite/deps/chunk-GNBNPM2D.js?v=d838276b:1721:30)
    at Object.get (http://localhost:3000/node_modules/.vite/deps/chunk-GNBNPM2D.js?v=d838276b:1727:64)
    at http://localhost:3000/src/components/SpecialSymbolsToolbar.vue?t=1749825003423:165:37
    at Proxy.renderFnWithContext (http://localhost:3000/node_modules/.vite/deps/chunk-GNBNPM2D.js?v=d838276b:2792:13)
    at Proxy.<anonymous> (http://localhost:3000/node_modules/.vite/deps/chunk-ZBABFMYO.js?v=d838276b:1379:88)
    at renderComponentRoot (http://localhost:3000/node_modules/.vite/deps/chunk-GNBNPM2D.js?v=d838276b:8679:17)
    at ReactiveEffect.componentUpdateFn [as fn] (http://localhost:3000/node_modules/.vite/deps/chunk-GNBNPM2D.js?v=d838276b:7472:46)
2025-06-13T14:30:03.870Z [ERROR]: ReferenceError: authorizationHelper is not defined
    at ComputedRefImpl.fn (http://localhost:3000/src/components/SpecialSymbolsToolbar.vue?t=1749825003423:19:7)
    at refreshComputed (http://localhost:3000/node_modules/.vite/deps/chunk-GNBNPM2D.js?v=d838276b:651:29)
    at get value (http://localhost:3000/node_modules/.vite/deps/chunk-GNBNPM2D.js?v=d838276b:1849:5)
    at unref (http://localhost:3000/node_modules/.vite/deps/chunk-GNBNPM2D.js?v=d838276b:1721:30)
    at Object.get (http://localhost:3000/node_modules/.vite/deps/chunk-GNBNPM2D.js?v=d838276b:1727:64)
    at http://localhost:3000/src/components/SpecialSymbolsToolbar.vue?t=1749825003423:165:37
    at Proxy.renderFnWithContext (http://localhost:3000/node_modules/.vite/deps/chunk-GNBNPM2D.js?v=d838276b:2792:13)
    at Proxy.<anonymous> (http://localhost:3000/node_modules/.vite/deps/chunk-ZBABFMYO.js?v=d838276b:1379:88)
    at renderComponentRoot (http://localhost:3000/node_modules/.vite/deps/chunk-GNBNPM2D.js?v=d838276b:8679:17)
    at ReactiveEffect.componentUpdateFn [as fn] (http://localhost:3000/node_modules/.vite/deps/chunk-GNBNPM2D.js?v=d838276b:7472:46)
2025-06-13T14:30:23.366Z [ERROR]: ReferenceError: useAuthorizationHelper is not defined
    at setup (http://localhost:3000/src/components/SpecialSymbolsToolbar.vue?t=1749825023282:18:33)
    at callWithErrorHandling (http://localhost:3000/node_modules/.vite/deps/chunk-GNBNPM2D.js?v=d838276b:2289:19)
    at setupStatefulComponent (http://localhost:3000/node_modules/.vite/deps/chunk-GNBNPM2D.js?v=d838276b:10085:25)
    at setupComponent (http://localhost:3000/node_modules/.vite/deps/chunk-GNBNPM2D.js?v=d838276b:10046:36)
    at mountComponent (http://localhost:3000/node_modules/.vite/deps/chunk-GNBNPM2D.js?v=d838276b:7368:7)
    at processComponent (http://localhost:3000/node_modules/.vite/deps/chunk-GNBNPM2D.js?v=d838276b:7334:9)
    at patch (http://localhost:3000/node_modules/.vite/deps/chunk-GNBNPM2D.js?v=d838276b:6849:11)
    at patchKeyedChildren (http://localhost:3000/node_modules/.vite/deps/chunk-GNBNPM2D.js?v=d838276b:7883:11)
    at patchChildren (http://localhost:3000/node_modules/.vite/deps/chunk-GNBNPM2D.js?v=d838276b:7664:11)
    at patchElement (http://localhost:3000/node_modules/.vite/deps/chunk-GNBNPM2D.js?v=d838276b:7134:7)
2025-06-13T14:30:23.370Z [ERROR]: ReferenceError: useAuthorizationHelper is not defined
    at setup (http://localhost:3000/src/components/SpecialSymbolsToolbar.vue?t=1749825023282:18:33)
    at callWithErrorHandling (http://localhost:3000/node_modules/.vite/deps/chunk-GNBNPM2D.js?v=d838276b:2289:19)
    at setupStatefulComponent (http://localhost:3000/node_modules/.vite/deps/chunk-GNBNPM2D.js?v=d838276b:10085:25)
    at setupComponent (http://localhost:3000/node_modules/.vite/deps/chunk-GNBNPM2D.js?v=d838276b:10046:36)
    at mountComponent (http://localhost:3000/node_modules/.vite/deps/chunk-GNBNPM2D.js?v=d838276b:7368:7)
    at processComponent (http://localhost:3000/node_modules/.vite/deps/chunk-GNBNPM2D.js?v=d838276b:7334:9)
    at patch (http://localhost:3000/node_modules/.vite/deps/chunk-GNBNPM2D.js?v=d838276b:6849:11)
    at patchKeyedChildren (http://localhost:3000/node_modules/.vite/deps/chunk-GNBNPM2D.js?v=d838276b:7883:11)
    at patchChildren (http://localhost:3000/node_modules/.vite/deps/chunk-GNBNPM2D.js?v=d838276b:7664:11)
    at patchElement (http://localhost:3000/node_modules/.vite/deps/chunk-GNBNPM2D.js?v=d838276b:7134:7)
2025-06-15T12:48:56.736Z [ERROR]: ReferenceError: matrixCellHelper is not defined
    at refreshScreen (http://localhost:3000/src/helpers/matrixHelper.ts?t=1749991736348:85:5)
    at watch.deep (http://localhost:3000/src/helpers/watchHelper.ts:98:9)
    at callWithErrorHandling (http://localhost:3000/node_modules/.vite/deps/chunk-GNBNPM2D.js?v=d838276b:2289:19)
    at callWithAsyncErrorHandling (http://localhost:3000/node_modules/.vite/deps/chunk-GNBNPM2D.js?v=d838276b:2296:17)
    at baseWatchOptions.call (http://localhost:3000/node_modules/.vite/deps/chunk-GNBNPM2D.js?v=d838276b:8372:47)
    at job (http://localhost:3000/node_modules/.vite/deps/chunk-GNBNPM2D.js?v=d838276b:2015:18)
    at watch (http://localhost:3000/node_modules/.vite/deps/chunk-GNBNPM2D.js?v=d838276b:2052:7)
    at doWatch (http://localhost:3000/node_modules/.vite/deps/chunk-GNBNPM2D.js?v=d838276b:8400:23)
    at watch2 (http://localhost:3000/node_modules/.vite/deps/chunk-GNBNPM2D.js?v=d838276b:8332:10)
    at Object.watchNotationsEvent (http://localhost:3000/src/helpers/watchHelper.ts:95:5)
2025-06-15T12:49:13.037Z [ERROR]: ReferenceError: matrixCellHelper is not defined
    at refreshScreen (http://localhost:3000/src/helpers/matrixHelper.ts?t=1749991752461:85:5)
    at watch.deep (http://localhost:3000/src/helpers/watchHelper.ts:98:9)
    at callWithErrorHandling (http://localhost:3000/node_modules/.vite/deps/chunk-GNBNPM2D.js?v=d838276b:2289:19)
    at callWithAsyncErrorHandling (http://localhost:3000/node_modules/.vite/deps/chunk-GNBNPM2D.js?v=d838276b:2296:17)
    at baseWatchOptions.call (http://localhost:3000/node_modules/.vite/deps/chunk-GNBNPM2D.js?v=d838276b:8372:47)
    at job (http://localhost:3000/node_modules/.vite/deps/chunk-GNBNPM2D.js?v=d838276b:2015:18)
    at watch (http://localhost:3000/node_modules/.vite/deps/chunk-GNBNPM2D.js?v=d838276b:2052:7)
    at doWatch (http://localhost:3000/node_modules/.vite/deps/chunk-GNBNPM2D.js?v=d838276b:8400:23)
    at watch2 (http://localhost:3000/node_modules/.vite/deps/chunk-GNBNPM2D.js?v=d838276b:8332:10)
    at Object.watchNotationsEvent (http://localhost:3000/src/helpers/watchHelper.ts:95:5)
2025-06-15T12:49:19.185Z [ERROR]: TypeError: matrixCellHelper.resetAllCellColors is not a function
    at refreshScreen (http://localhost:3000/src/helpers/matrixHelper.ts?t=1749991758947:86:22)
    at watch.deep (http://localhost:3000/src/helpers/watchHelper.ts:98:9)
    at callWithErrorHandling (http://localhost:3000/node_modules/.vite/deps/chunk-GNBNPM2D.js?v=d838276b:2289:19)
    at callWithAsyncErrorHandling (http://localhost:3000/node_modules/.vite/deps/chunk-GNBNPM2D.js?v=d838276b:2296:17)
    at baseWatchOptions.call (http://localhost:3000/node_modules/.vite/deps/chunk-GNBNPM2D.js?v=d838276b:8372:47)
    at job (http://localhost:3000/node_modules/.vite/deps/chunk-GNBNPM2D.js?v=d838276b:2015:18)
    at watch (http://localhost:3000/node_modules/.vite/deps/chunk-GNBNPM2D.js?v=d838276b:2052:7)
    at doWatch (http://localhost:3000/node_modules/.vite/deps/chunk-GNBNPM2D.js?v=d838276b:8400:23)
    at watch2 (http://localhost:3000/node_modules/.vite/deps/chunk-GNBNPM2D.js?v=d838276b:8332:10)
    at Object.watchNotationsEvent (http://localhost:3000/src/helpers/watchHelper.ts:95:5)
2025-06-15T12:49:23.487Z [ERROR]: TypeError: matrixCellHelper.resetAllCellColors is not a function
    at refreshScreen (http://localhost:3000/src/helpers/matrixHelper.ts?t=1749991763009:86:22)
    at watch.deep (http://localhost:3000/src/helpers/watchHelper.ts:98:9)
    at callWithErrorHandling (http://localhost:3000/node_modules/.vite/deps/chunk-GNBNPM2D.js?v=d838276b:2289:19)
    at callWithAsyncErrorHandling (http://localhost:3000/node_modules/.vite/deps/chunk-GNBNPM2D.js?v=d838276b:2296:17)
    at baseWatchOptions.call (http://localhost:3000/node_modules/.vite/deps/chunk-GNBNPM2D.js?v=d838276b:8372:47)
    at job (http://localhost:3000/node_modules/.vite/deps/chunk-GNBNPM2D.js?v=d838276b:2015:18)
    at watch (http://localhost:3000/node_modules/.vite/deps/chunk-GNBNPM2D.js?v=d838276b:2052:7)
    at doWatch (http://localhost:3000/node_modules/.vite/deps/chunk-GNBNPM2D.js?v=d838276b:8400:23)
    at watch2 (http://localhost:3000/node_modules/.vite/deps/chunk-GNBNPM2D.js?v=d838276b:8332:10)
    at Object.watchNotationsEvent (http://localhost:3000/src/helpers/watchHelper.ts:95:5)
2025-06-15T12:49:41.447Z [ERROR]: TypeError: matrixCellHelper.resetAllCellColors is not a function
    at refreshScreen (http://localhost:3000/src/helpers/matrixHelper.ts?t=1749991780973:86:22)
    at watch.deep (http://localhost:3000/src/helpers/watchHelper.ts:98:9)
    at callWithErrorHandling (http://localhost:3000/node_modules/.vite/deps/chunk-GNBNPM2D.js?v=d838276b:2289:19)
    at callWithAsyncErrorHandling (http://localhost:3000/node_modules/.vite/deps/chunk-GNBNPM2D.js?v=d838276b:2296:17)
    at baseWatchOptions.call (http://localhost:3000/node_modules/.vite/deps/chunk-GNBNPM2D.js?v=d838276b:8372:47)
    at job (http://localhost:3000/node_modules/.vite/deps/chunk-GNBNPM2D.js?v=d838276b:2015:18)
    at watch (http://localhost:3000/node_modules/.vite/deps/chunk-GNBNPM2D.js?v=d838276b:2052:7)
    at doWatch (http://localhost:3000/node_modules/.vite/deps/chunk-GNBNPM2D.js?v=d838276b:8400:23)
    at watch2 (http://localhost:3000/node_modules/.vite/deps/chunk-GNBNPM2D.js?v=d838276b:8332:10)
    at Object.watchNotationsEvent (http://localhost:3000/src/helpers/watchHelper.ts:95:5)
2025-06-15T12:49:54.431Z [ERROR]: TypeError: matrixCellHelper.resetAllCellColors is not a function
    at refreshScreen (http://localhost:3000/src/helpers/matrixHelper.ts?t=1749991793951:87:22)
    at watch.deep (http://localhost:3000/src/helpers/watchHelper.ts:98:9)
    at callWithErrorHandling (http://localhost:3000/node_modules/.vite/deps/chunk-GNBNPM2D.js?v=d838276b:2289:19)
    at callWithAsyncErrorHandling (http://localhost:3000/node_modules/.vite/deps/chunk-GNBNPM2D.js?v=d838276b:2296:17)
    at baseWatchOptions.call (http://localhost:3000/node_modules/.vite/deps/chunk-GNBNPM2D.js?v=d838276b:8372:47)
    at job (http://localhost:3000/node_modules/.vite/deps/chunk-GNBNPM2D.js?v=d838276b:2015:18)
    at watch (http://localhost:3000/node_modules/.vite/deps/chunk-GNBNPM2D.js?v=d838276b:2052:7)
    at doWatch (http://localhost:3000/node_modules/.vite/deps/chunk-GNBNPM2D.js?v=d838276b:8400:23)
    at watch2 (http://localhost:3000/node_modules/.vite/deps/chunk-GNBNPM2D.js?v=d838276b:8332:10)
    at Object.watchNotationsEvent (http://localhost:3000/src/helpers/watchHelper.ts:95:5)
2025-06-15T12:49:55.544Z [ERROR]: TypeError: matrixCellHelper.resetAllCellColors is not a function
    at refreshScreen (http://localhost:3000/src/helpers/matrixHelper.ts?t=1749991795339:87:22)
    at watch.deep (http://localhost:3000/src/helpers/watchHelper.ts:98:9)
    at callWithErrorHandling (http://localhost:3000/node_modules/.vite/deps/chunk-GNBNPM2D.js?v=d838276b:2289:19)
    at callWithAsyncErrorHandling (http://localhost:3000/node_modules/.vite/deps/chunk-GNBNPM2D.js?v=d838276b:2296:17)
    at baseWatchOptions.call (http://localhost:3000/node_modules/.vite/deps/chunk-GNBNPM2D.js?v=d838276b:8372:47)
    at job (http://localhost:3000/node_modules/.vite/deps/chunk-GNBNPM2D.js?v=d838276b:2015:18)
    at watch (http://localhost:3000/node_modules/.vite/deps/chunk-GNBNPM2D.js?v=d838276b:2052:7)
    at doWatch (http://localhost:3000/node_modules/.vite/deps/chunk-GNBNPM2D.js?v=d838276b:8400:23)
    at watch2 (http://localhost:3000/node_modules/.vite/deps/chunk-GNBNPM2D.js?v=d838276b:8332:10)
    at Object.watchNotationsEvent (http://localhost:3000/src/helpers/watchHelper.ts:95:5)
2025-06-15T12:49:57.790Z [ERROR]: TypeError: matrixCellHelper.resetAllCellColors is not a function
    at refreshScreen (http://localhost:3000/src/helpers/matrixHelper.ts?t=1749991797273:87:22)
    at watch.deep (http://localhost:3000/src/helpers/watchHelper.ts:98:9)
    at callWithErrorHandling (http://localhost:3000/node_modules/.vite/deps/chunk-GNBNPM2D.js?v=d838276b:2289:19)
    at callWithAsyncErrorHandling (http://localhost:3000/node_modules/.vite/deps/chunk-GNBNPM2D.js?v=d838276b:2296:17)
    at baseWatchOptions.call (http://localhost:3000/node_modules/.vite/deps/chunk-GNBNPM2D.js?v=d838276b:8372:47)
    at job (http://localhost:3000/node_modules/.vite/deps/chunk-GNBNPM2D.js?v=d838276b:2015:18)
    at watch (http://localhost:3000/node_modules/.vite/deps/chunk-GNBNPM2D.js?v=d838276b:2052:7)
    at doWatch (http://localhost:3000/node_modules/.vite/deps/chunk-GNBNPM2D.js?v=d838276b:8400:23)
    at watch2 (http://localhost:3000/node_modules/.vite/deps/chunk-GNBNPM2D.js?v=d838276b:8332:10)
    at Object.watchNotationsEvent (http://localhost:3000/src/helpers/watchHelper.ts:95:5)
2025-06-15T14:42:06.088Z [ERROR]: TypeError: Cannot read properties of undefined (reading 'isSeparator')
    at http://localhost:3000/src/components/SpecialSymbolsToolbar.vue?t=1749998525990:210:30
    at Proxy.renderFnWithContext (http://localhost:3000/node_modules/.vite/deps/chunk-GNBNPM2D.js?v=d838276b:2792:13)
    at default (http://localhost:3000/node_modules/.vite/deps/chunk-4GFRQIHB.js?v=d838276b:203:60)
    at http://localhost:3000/node_modules/.vite/deps/chunk-GNBNPM2D.js?v=d838276b:6614:31
    at Proxy.renderFnWithContext (http://localhost:3000/node_modules/.vite/deps/chunk-GNBNPM2D.js?v=d838276b:2792:13)
    at Proxy.<anonymous> (http://localhost:3000/node_modules/.vite/deps/chunk-N6PPTIOO.js?v=d838276b:40:57)
    at renderComponentRoot (http://localhost:3000/node_modules/.vite/deps/chunk-GNBNPM2D.js?v=d838276b:8679:17)
    at ReactiveEffect.componentUpdateFn [as fn] (http://localhost:3000/node_modules/.vite/deps/chunk-GNBNPM2D.js?v=d838276b:7550:26)
    at ReactiveEffect.run (http://localhost:3000/node_modules/.vite/deps/chunk-GNBNPM2D.js?v=d838276b:494:19)
    at updateComponent (http://localhost:3000/node_modules/.vite/deps/chunk-GNBNPM2D.js?v=d838276b:7411:18)
2025-06-15T14:42:14.340Z [ERROR]: TypeError: Cannot read properties of undefined (reading 'isSeparator')
    at http://localhost:3000/src/components/SpecialSymbolsToolbar.vue?t=1749998534001:210:30
    at Proxy.renderFnWithContext (http://localhost:3000/node_modules/.vite/deps/chunk-GNBNPM2D.js?v=d838276b:2792:13)
    at default (http://localhost:3000/node_modules/.vite/deps/chunk-4GFRQIHB.js?v=d838276b:203:60)
    at http://localhost:3000/node_modules/.vite/deps/chunk-GNBNPM2D.js?v=d838276b:6614:31
    at Proxy.renderFnWithContext (http://localhost:3000/node_modules/.vite/deps/chunk-GNBNPM2D.js?v=d838276b:2792:13)
    at Proxy.<anonymous> (http://localhost:3000/node_modules/.vite/deps/chunk-N6PPTIOO.js?v=d838276b:40:57)
    at renderComponentRoot (http://localhost:3000/node_modules/.vite/deps/chunk-GNBNPM2D.js?v=d838276b:8679:17)
    at ReactiveEffect.componentUpdateFn [as fn] (http://localhost:3000/node_modules/.vite/deps/chunk-GNBNPM2D.js?v=d838276b:7550:26)
    at ReactiveEffect.run (http://localhost:3000/node_modules/.vite/deps/chunk-GNBNPM2D.js?v=d838276b:494:19)
    at updateComponent (http://localhost:3000/node_modules/.vite/deps/chunk-GNBNPM2D.js?v=d838276b:7411:18)
2025-06-15T14:44:04.341Z [ERROR]: TypeError: Cannot set properties of null (setting '__vnode')
    at patchElement (http://localhost:3000/node_modules/.vite/deps/chunk-GNBNPM2D.js?v=d838276b:7097:18)
    at processElement (http://localhost:3000/node_modules/.vite/deps/chunk-GNBNPM2D.js?v=d838276b:6980:7)
    at patch (http://localhost:3000/node_modules/.vite/deps/chunk-GNBNPM2D.js?v=d838276b:6837:11)
    at patchKeyedChildren (http://localhost:3000/node_modules/.vite/deps/chunk-GNBNPM2D.js?v=d838276b:7750:9)
    at patchChildren (http://localhost:3000/node_modules/.vite/deps/chunk-GNBNPM2D.js?v=d838276b:7664:11)
    at processFragment (http://localhost:3000/node_modules/.vite/deps/chunk-GNBNPM2D.js?v=d838276b:7308:9)
    at patch (http://localhost:3000/node_modules/.vite/deps/chunk-GNBNPM2D.js?v=d838276b:6823:9)
    at patchKeyedChildren (http://localhost:3000/node_modules/.vite/deps/chunk-GNBNPM2D.js?v=d838276b:7750:9)
    at patchChildren (http://localhost:3000/node_modules/.vite/deps/chunk-GNBNPM2D.js?v=d838276b:7664:11)
    at patchElement (http://localhost:3000/node_modules/.vite/deps/chunk-GNBNPM2D.js?v=d838276b:7134:7)
2025-06-15T14:44:04.356Z [ERROR]: TypeError: Cannot set properties of null (setting '__vnode')
    at patchElement (http://localhost:3000/node_modules/.vite/deps/chunk-GNBNPM2D.js?v=d838276b:7097:18)
    at processElement (http://localhost:3000/node_modules/.vite/deps/chunk-GNBNPM2D.js?v=d838276b:6980:7)
    at patch (http://localhost:3000/node_modules/.vite/deps/chunk-GNBNPM2D.js?v=d838276b:6837:11)
    at patchKeyedChildren (http://localhost:3000/node_modules/.vite/deps/chunk-GNBNPM2D.js?v=d838276b:7750:9)
    at patchChildren (http://localhost:3000/node_modules/.vite/deps/chunk-GNBNPM2D.js?v=d838276b:7664:11)
    at processFragment (http://localhost:3000/node_modules/.vite/deps/chunk-GNBNPM2D.js?v=d838276b:7308:9)
    at patch (http://localhost:3000/node_modules/.vite/deps/chunk-GNBNPM2D.js?v=d838276b:6823:9)
    at patchKeyedChildren (http://localhost:3000/node_modules/.vite/deps/chunk-GNBNPM2D.js?v=d838276b:7750:9)
    at patchChildren (http://localhost:3000/node_modules/.vite/deps/chunk-GNBNPM2D.js?v=d838276b:7664:11)
    at patchElement (http://localhost:3000/node_modules/.vite/deps/chunk-GNBNPM2D.js?v=d838276b:7134:7)
