2025-04-15T16:05:59.970Z [INFO]: Authentication service initialized
2025-04-16T06:33:36.900Z [INFO]: Authentication service initialized
2025-04-16T09:25:58.009Z [INFO]: Authentication service initialized
2025-04-16T09:46:32.924Z [INFO]: Authentication service initialized
2025-04-16T09:46:48.664Z [INFO]: User hanantomer@gmail.com attempting to join lesson 2ef4b42f-1027-4144-8eb3-075aa4d225cc
2025-04-16T09:46:48.665Z [INFO]: Processing teacher join request for hanantomer@gmail.com
2025-04-16T09:46:48.666Z [INFO]: Teacher hanantomer@gmail.com joining lesson 2ef4b42f-1027-4144-8eb3-075aa4d225cc
2025-04-16T09:46:48.667Z [INFO]: User hanantomer@gmail.com joined lesson channel 2ef4b42f-1027-4144-8eb3-075aa4d225cc
2025-04-16T09:48:08.270Z [INFO]: Authentication service initialized
2025-04-16T09:51:11.566Z [INFO]: User hanantomer1@gmail.com attempting to join lesson 2ef4b42f-1027-4144-8eb3-075aa4d225cc
2025-04-16T09:51:11.567Z [INFO]: Processing student join request for hanantomer1@gmail.com
2025-04-16T09:51:11.567Z [INFO]: Student hanantomer1@gmail.com joining lesson 2ef4b42f-1027-4144-8eb3-075aa4d225cc
2025-04-16T09:51:11.568Z [INFO]: Student hanantomer1@gmail.com joined their individual channel in lesson 2ef4b42f-1027-4144-8eb3-075aa4d225cc
2025-04-16T09:51:11.569Z [INFO]: User hanantomer1@gmail.com joined lesson channel 2ef4b42f-1027-4144-8eb3-075aa4d225cc
2025-04-16T09:51:45.547Z [INFO]: Authentication service initialized
2025-04-16T09:53:07.754Z [INFO]: User hanantomer1@gmail.com attempting to join lesson 2ef4b42f-1027-4144-8eb3-075aa4d225cc
2025-04-16T09:53:07.755Z [INFO]: Processing student join request for hanantomer1@gmail.com
2025-04-16T09:53:07.755Z [INFO]: Student hanantomer1@gmail.com joining lesson 2ef4b42f-1027-4144-8eb3-075aa4d225cc
2025-04-16T09:53:07.756Z [INFO]: Student hanantomer1@gmail.com joined their individual channel in lesson 2ef4b42f-1027-4144-8eb3-075aa4d225cc
2025-04-16T09:53:07.757Z [INFO]: User hanantomer1@gmail.com joined lesson channel 2ef4b42f-1027-4144-8eb3-075aa4d225cc
2025-04-16T17:02:30.752Z [INFO]: Authentication service initialized
2025-04-16T17:06:53.350Z [INFO]: User hanantomer@gmail.com attempting to join lesson 1156734b-a4d9-4f20-8123-e6afff6d4073
2025-04-16T17:06:53.351Z [INFO]: Processing teacher join request for hanantomer@gmail.com
2025-04-16T17:06:53.351Z [INFO]: Teacher hanantomer@gmail.com joining lesson 1156734b-a4d9-4f20-8123-e6afff6d4073
2025-04-16T17:06:53.352Z [INFO]: User hanantomer@gmail.com joined lesson channel 1156734b-a4d9-4f20-8123-e6afff6d4073
2025-04-16T17:07:42.967Z [INFO]: User hanantomer1@gmail.com attempting to join lesson 1156734b-a4d9-4f20-8123-e6afff6d4073
2025-04-16T17:07:42.968Z [INFO]: Processing student join request for hanantomer1@gmail.com
2025-04-16T17:07:42.969Z [INFO]: Student hanantomer1@gmail.com joining lesson 1156734b-a4d9-4f20-8123-e6afff6d4073
2025-04-16T17:07:42.970Z [INFO]: Student hanantomer1@gmail.com joined their individual channel in lesson 1156734b-a4d9-4f20-8123-e6afff6d4073
2025-04-16T17:07:42.971Z [INFO]: Connecting teacher to student hanantomer1@gmail.com channel in lesson 1156734b-a4d9-4f20-8123-e6afff6d4073
2025-04-16T17:07:42.972Z [INFO]: User hanantomer1@gmail.com joined lesson channel 1156734b-a4d9-4f20-8123-e6afff6d4073
2025-04-16T17:08:06.255Z [INFO]: Authentication service initialized
2025-04-16T17:08:22.114Z [INFO]: User hanantomer1@gmail.com attempting to join lesson 1156734b-a4d9-4f20-8123-e6afff6d4073
2025-04-16T17:08:22.115Z [INFO]: Processing student join request for hanantomer1@gmail.com
2025-04-16T17:08:22.116Z [INFO]: Student hanantomer1@gmail.com joining lesson 1156734b-a4d9-4f20-8123-e6afff6d4073
2025-04-16T17:08:22.117Z [INFO]: Student hanantomer1@gmail.com joined their individual channel in lesson 1156734b-a4d9-4f20-8123-e6afff6d4073
2025-04-16T17:08:22.118Z [INFO]: User hanantomer1@gmail.com joined lesson channel 1156734b-a4d9-4f20-8123-e6afff6d4073
2025-04-16T17:08:25.312Z [INFO]: User hanantomer@gmail.com attempting to join lesson 1156734b-a4d9-4f20-8123-e6afff6d4073
2025-04-16T17:08:25.314Z [INFO]: Processing teacher join request for hanantomer@gmail.com
2025-04-16T17:08:25.315Z [INFO]: Teacher hanantomer@gmail.com joining lesson 1156734b-a4d9-4f20-8123-e6afff6d4073
2025-04-16T17:08:25.316Z [INFO]: Connecting teacher to existing student channels in lesson 1156734b-a4d9-4f20-8123-e6afff6d4073
2025-04-16T17:08:25.317Z [INFO]: User hanantomer@gmail.com joined lesson channel 1156734b-a4d9-4f20-8123-e6afff6d4073
2025-04-16T17:09:09.859Z [INFO]: User hanantomer1@gmail.com attempting to join lesson 1156734b-a4d9-4f20-8123-e6afff6d4073
2025-04-16T17:09:09.860Z [INFO]: Processing student join request for hanantomer1@gmail.com
2025-04-16T17:09:09.860Z [INFO]: Student hanantomer1@gmail.com joining lesson 1156734b-a4d9-4f20-8123-e6afff6d4073
2025-04-16T17:09:09.861Z [INFO]: Student hanantomer1@gmail.com joined their individual channel in lesson 1156734b-a4d9-4f20-8123-e6afff6d4073
2025-04-16T17:09:09.861Z [INFO]: Connecting teacher to student hanantomer1@gmail.com channel in lesson 1156734b-a4d9-4f20-8123-e6afff6d4073
2025-04-16T17:09:09.861Z [INFO]: User hanantomer1@gmail.com joined lesson channel 1156734b-a4d9-4f20-8123-e6afff6d4073
2025-04-16T17:09:58.089Z [INFO]: Authentication service initialized
2025-04-16T17:10:25.420Z [INFO]: User hanantomer@gmail.com attempting to join lesson 1156734b-a4d9-4f20-8123-e6afff6d4073
2025-04-16T17:10:29.083Z [INFO]: Processing teacher join request for hanantomer@gmail.com
2025-04-16T17:10:32.492Z [INFO]: Teacher hanantomer@gmail.com joining lesson 1156734b-a4d9-4f20-8123-e6afff6d4073
2025-04-16T17:10:32.493Z [INFO]: User hanantomer@gmail.com joined lesson channel 1156734b-a4d9-4f20-8123-e6afff6d4073
2025-04-16T17:10:39.587Z [INFO]: User hanantomer1@gmail.com attempting to join lesson 1156734b-a4d9-4f20-8123-e6afff6d4073
2025-04-16T17:10:46.123Z [INFO]: Processing student join request for hanantomer1@gmail.com
2025-04-16T17:10:56.715Z [INFO]: Student hanantomer1@gmail.com joining lesson 1156734b-a4d9-4f20-8123-e6afff6d4073
2025-04-16T17:10:56.716Z [INFO]: Student hanantomer1@gmail.com joined their individual channel in lesson 1156734b-a4d9-4f20-8123-e6afff6d4073
2025-04-16T17:10:56.716Z [INFO]: Connecting teacher to student hanantomer1@gmail.com channel in lesson 1156734b-a4d9-4f20-8123-e6afff6d4073
2025-04-16T17:10:56.717Z [INFO]: User hanantomer1@gmail.com joined lesson channel 1156734b-a4d9-4f20-8123-e6afff6d4073
2025-04-16T17:17:28.861Z [INFO]: Authentication service initialized
2025-04-16T17:17:35.235Z [INFO]: User hanantomer1@gmail.com attempting to join lesson 1156734b-a4d9-4f20-8123-e6afff6d4073
2025-04-16T17:17:35.236Z [INFO]: Processing student join request for hanantomer1@gmail.com
2025-04-16T17:17:35.237Z [INFO]: Student hanantomer1@gmail.com joining lesson 1156734b-a4d9-4f20-8123-e6afff6d4073
2025-04-16T17:17:35.238Z [INFO]: Student hanantomer1@gmail.com joined their individual channel in lesson 1156734b-a4d9-4f20-8123-e6afff6d4073
2025-04-16T17:17:35.239Z [INFO]: User hanantomer1@gmail.com joined lesson channel 1156734b-a4d9-4f20-8123-e6afff6d4073
2025-04-16T17:17:35.868Z [INFO]: User hanantomer@gmail.com attempting to join lesson 1156734b-a4d9-4f20-8123-e6afff6d4073
2025-04-16T17:17:35.870Z [INFO]: Processing teacher join request for hanantomer@gmail.com
2025-04-16T17:17:35.870Z [INFO]: Teacher hanantomer@gmail.com joining lesson 1156734b-a4d9-4f20-8123-e6afff6d4073
2025-04-16T17:17:35.871Z [INFO]: Connecting teacher to existing student channels in lesson 1156734b-a4d9-4f20-8123-e6afff6d4073
2025-04-16T17:17:35.872Z [INFO]: User hanantomer@gmail.com joined lesson channel 1156734b-a4d9-4f20-8123-e6afff6d4073
2025-04-16T19:30:30.740Z [INFO]: User hanantomer1@gmail.com attempting to join lesson 1156734b-a4d9-4f20-8123-e6afff6d4073
2025-04-16T19:30:30.750Z [INFO]: Processing student join request for hanantomer1@gmail.com
2025-04-16T19:30:30.751Z [INFO]: Student hanantomer1@gmail.com joining lesson 1156734b-a4d9-4f20-8123-e6afff6d4073
2025-04-16T19:30:30.751Z [INFO]: Student hanantomer1@gmail.com joined their individual channel in lesson 1156734b-a4d9-4f20-8123-e6afff6d4073
2025-04-16T19:30:30.752Z [INFO]: Connecting teacher to student hanantomer1@gmail.com channel in lesson 1156734b-a4d9-4f20-8123-e6afff6d4073
2025-04-16T19:30:30.752Z [INFO]: User hanantomer1@gmail.com joined lesson channel 1156734b-a4d9-4f20-8123-e6afff6d4073
2025-04-17T12:41:01.388Z [INFO]: Authentication service initialized
2025-04-17T19:08:47.077Z [INFO]: Authentication service initialized
2025-04-17T19:09:24.738Z [INFO]: Authentication service initialized
2025-04-17T19:10:02.709Z [INFO]: Authentication service initialized
2025-04-18T08:58:54.562Z [INFO]: Authentication service initialized
2025-04-22T16:09:54.101Z [INFO]: Authentication service initialized
2025-04-22T18:11:06.150Z [INFO]: Authentication service initialized
2025-04-23T13:58:03.074Z [INFO]: Authentication service initialized
2025-04-23T17:36:58.945Z [INFO]: User hanantomer@gmail.com attempting to join lesson 197a1b6d-a3fc-4ec5-9476-8b63e0f46fce
2025-04-23T17:36:58.948Z [INFO]: Processing teacher join request for hanantomer@gmail.com
2025-04-23T17:36:58.949Z [INFO]: Teacher hanantomer@gmail.com joining lesson 197a1b6d-a3fc-4ec5-9476-8b63e0f46fce
2025-04-23T17:36:58.951Z [INFO]: User hanantomer@gmail.com joined lesson channel 197a1b6d-a3fc-4ec5-9476-8b63e0f46fce
2025-04-23T18:26:49.353Z [INFO]: User hanantomer@gmail.com attempting to join lesson 197a1b6d-a3fc-4ec5-9476-8b63e0f46fce
2025-04-23T18:26:49.355Z [INFO]: Processing teacher join request for hanantomer@gmail.com
2025-04-23T18:26:49.356Z [INFO]: Teacher hanantomer@gmail.com joining lesson 197a1b6d-a3fc-4ec5-9476-8b63e0f46fce
2025-04-23T18:26:49.356Z [INFO]: User hanantomer@gmail.com joined lesson channel 197a1b6d-a3fc-4ec5-9476-8b63e0f46fce
2025-04-24T15:13:21.310Z [INFO]: Authentication service initialized
2025-04-24T15:41:58.370Z [INFO]: User hanantomer@gmail.com attempting to join lesson 4fbc9763-7592-4eab-88f2-c87be059586b
2025-04-24T15:41:58.374Z [INFO]: Processing teacher join request for hanantomer@gmail.com
2025-04-24T15:41:58.374Z [INFO]: Teacher hanantomer@gmail.com joining lesson 4fbc9763-7592-4eab-88f2-c87be059586b
2025-04-24T15:41:58.376Z [INFO]: User hanantomer@gmail.com joined lesson channel 4fbc9763-7592-4eab-88f2-c87be059586b
2025-04-24T15:47:22.787Z [INFO]: User yl@gmail.com attempting to join lesson 4fbc9763-7592-4eab-88f2-c87be059586b
2025-04-24T15:47:22.788Z [INFO]: Processing student join request for yl@gmail.com
2025-04-24T15:47:22.789Z [INFO]: Student yl@gmail.com joining lesson 4fbc9763-7592-4eab-88f2-c87be059586b
2025-04-24T15:47:22.790Z [INFO]: Student yl@gmail.com joined their individual channel in lesson 4fbc9763-7592-4eab-88f2-c87be059586b
2025-04-24T15:47:22.790Z [INFO]: Connecting teacher to student yl@gmail.com channel in lesson 4fbc9763-7592-4eab-88f2-c87be059586b
2025-04-24T15:47:22.791Z [INFO]: User yl@gmail.com joined lesson channel 4fbc9763-7592-4eab-88f2-c87be059586b
2025-04-24T16:51:50.671Z [INFO]: Authentication service initialized
2025-04-24T16:57:11.374Z [INFO]: User hanantomer@gmail.com attempting to join lesson 51328e34-7094-4deb-9c2f-cb90c18fa9bd
2025-04-24T16:57:11.375Z [INFO]: Processing teacher join request for hanantomer@gmail.com
2025-04-24T16:57:11.376Z [INFO]: Teacher hanantomer@gmail.com joining lesson 51328e34-7094-4deb-9c2f-cb90c18fa9bd
2025-04-24T16:57:11.376Z [INFO]: User hanantomer@gmail.com joined lesson channel 51328e34-7094-4deb-9c2f-cb90c18fa9bd
2025-04-24T18:02:50.700Z [INFO]: User hanantomer@gmail.com attempting to join lesson 51328e34-7094-4deb-9c2f-cb90c18fa9bd
2025-04-24T18:02:50.703Z [INFO]: Processing teacher join request for hanantomer@gmail.com
2025-04-24T18:02:50.704Z [INFO]: Teacher hanantomer@gmail.com joining lesson 51328e34-7094-4deb-9c2f-cb90c18fa9bd
2025-04-24T18:02:50.705Z [INFO]: User hanantomer@gmail.com joined lesson channel 51328e34-7094-4deb-9c2f-cb90c18fa9bd
2025-04-24T18:04:20.207Z [INFO]: User hanantomer@gmail.com attempting to join lesson 51328e34-7094-4deb-9c2f-cb90c18fa9bd
2025-04-24T18:04:20.208Z [INFO]: Processing teacher join request for hanantomer@gmail.com
2025-04-24T18:04:20.209Z [INFO]: Teacher hanantomer@gmail.com joining lesson 51328e34-7094-4deb-9c2f-cb90c18fa9bd
2025-04-24T18:04:20.209Z [INFO]: User hanantomer@gmail.com joined lesson channel 51328e34-7094-4deb-9c2f-cb90c18fa9bd
2025-04-24T18:05:35.783Z [INFO]: User hanantomer@gmail.com attempting to join lesson 51328e34-7094-4deb-9c2f-cb90c18fa9bd
2025-04-24T18:05:35.784Z [INFO]: Processing teacher join request for hanantomer@gmail.com
2025-04-24T18:05:35.785Z [INFO]: Teacher hanantomer@gmail.com joining lesson 51328e34-7094-4deb-9c2f-cb90c18fa9bd
2025-04-24T18:05:35.785Z [INFO]: User hanantomer@gmail.com joined lesson channel 51328e34-7094-4deb-9c2f-cb90c18fa9bd
2025-04-24T18:25:18.538Z [INFO]: User hanantomer@gmail.com attempting to join lesson 51328e34-7094-4deb-9c2f-cb90c18fa9bd
2025-04-24T18:25:18.539Z [INFO]: Processing teacher join request for hanantomer@gmail.com
2025-04-24T18:25:18.540Z [INFO]: Teacher hanantomer@gmail.com joining lesson 51328e34-7094-4deb-9c2f-cb90c18fa9bd
2025-04-24T18:25:18.540Z [INFO]: User hanantomer@gmail.com joined lesson channel 51328e34-7094-4deb-9c2f-cb90c18fa9bd
2025-04-24T18:27:01.902Z [INFO]: User hanantomer@gmail.com attempting to join lesson 51328e34-7094-4deb-9c2f-cb90c18fa9bd
2025-04-24T18:27:01.903Z [INFO]: Processing teacher join request for hanantomer@gmail.com
2025-04-24T18:27:01.904Z [INFO]: Teacher hanantomer@gmail.com joining lesson 51328e34-7094-4deb-9c2f-cb90c18fa9bd
2025-04-24T18:27:01.904Z [INFO]: User hanantomer@gmail.com joined lesson channel 51328e34-7094-4deb-9c2f-cb90c18fa9bd
2025-04-25T10:08:55.531Z [INFO]: Authentication service initialized
2025-04-25T10:09:25.699Z [INFO]: User hanantomer@gmail.com attempting to join lesson 387e0f19-6458-41dc-aebf-fd49f5d16ca8
2025-04-25T10:09:25.700Z [INFO]: Processing teacher join request for hanantomer@gmail.com
2025-04-25T10:09:25.700Z [INFO]: Teacher hanantomer@gmail.com joining lesson 387e0f19-6458-41dc-aebf-fd49f5d16ca8
2025-04-25T10:09:25.701Z [INFO]: User hanantomer@gmail.com joined lesson channel 387e0f19-6458-41dc-aebf-fd49f5d16ca8
2025-04-25T10:15:27.204Z [INFO]: User hanantomer@gmail.com attempting to join lesson 387e0f19-6458-41dc-aebf-fd49f5d16ca8
2025-04-25T10:15:27.204Z [INFO]: Processing teacher join request for hanantomer@gmail.com
2025-04-25T10:15:27.205Z [INFO]: Teacher hanantomer@gmail.com joining lesson 387e0f19-6458-41dc-aebf-fd49f5d16ca8
2025-04-25T10:15:27.205Z [INFO]: User hanantomer@gmail.com joined lesson channel 387e0f19-6458-41dc-aebf-fd49f5d16ca8
2025-04-25T12:04:39.267Z [INFO]: User hanantomer@gmail.com attempting to join lesson 387e0f19-6458-41dc-aebf-fd49f5d16ca8
2025-04-25T12:04:39.269Z [INFO]: Processing teacher join request for hanantomer@gmail.com
2025-04-25T12:04:39.269Z [INFO]: Teacher hanantomer@gmail.com joining lesson 387e0f19-6458-41dc-aebf-fd49f5d16ca8
2025-04-25T12:04:39.270Z [INFO]: User hanantomer@gmail.com joined lesson channel 387e0f19-6458-41dc-aebf-fd49f5d16ca8
2025-04-25T12:04:54.729Z [INFO]: User hanantomer@gmail.com attempting to join lesson 387e0f19-6458-41dc-aebf-fd49f5d16ca8
2025-04-25T12:04:54.730Z [INFO]: Processing teacher join request for hanantomer@gmail.com
2025-04-25T12:04:54.731Z [INFO]: Teacher hanantomer@gmail.com joining lesson 387e0f19-6458-41dc-aebf-fd49f5d16ca8
2025-04-25T12:04:54.732Z [INFO]: User hanantomer@gmail.com joined lesson channel 387e0f19-6458-41dc-aebf-fd49f5d16ca8
2025-04-25T12:18:50.086Z [INFO]: User hanantomer@gmail.com attempting to join lesson 387e0f19-6458-41dc-aebf-fd49f5d16ca8
2025-04-25T12:18:50.137Z [INFO]: Processing teacher join request for hanantomer@gmail.com
2025-04-25T12:18:50.195Z [INFO]: Teacher hanantomer@gmail.com joining lesson 387e0f19-6458-41dc-aebf-fd49f5d16ca8
2025-04-25T12:18:50.198Z [INFO]: User hanantomer@gmail.com joined lesson channel 387e0f19-6458-41dc-aebf-fd49f5d16ca8
2025-04-25T14:26:55.132Z [INFO]: User hanantomer@gmail.com attempting to join lesson 387e0f19-6458-41dc-aebf-fd49f5d16ca8
2025-04-25T14:26:55.135Z [INFO]: Processing teacher join request for hanantomer@gmail.com
2025-04-25T14:26:55.136Z [INFO]: Teacher hanantomer@gmail.com joining lesson 387e0f19-6458-41dc-aebf-fd49f5d16ca8
2025-04-25T14:26:55.136Z [INFO]: User hanantomer@gmail.com joined lesson channel 387e0f19-6458-41dc-aebf-fd49f5d16ca8
2025-04-25T14:27:06.230Z [INFO]: User hanantomer@gmail.com attempting to join lesson 387e0f19-6458-41dc-aebf-fd49f5d16ca8
2025-04-25T14:27:06.231Z [INFO]: Processing teacher join request for hanantomer@gmail.com
2025-04-25T14:27:06.232Z [INFO]: Teacher hanantomer@gmail.com joining lesson 387e0f19-6458-41dc-aebf-fd49f5d16ca8
2025-04-25T14:27:06.232Z [INFO]: User hanantomer@gmail.com joined lesson channel 387e0f19-6458-41dc-aebf-fd49f5d16ca8
2025-04-25T14:27:17.685Z [INFO]: User hanantomer@gmail.com attempting to join lesson 387e0f19-6458-41dc-aebf-fd49f5d16ca8
2025-04-25T14:27:17.686Z [INFO]: Processing teacher join request for hanantomer@gmail.com
2025-04-25T14:27:17.687Z [INFO]: Teacher hanantomer@gmail.com joining lesson 387e0f19-6458-41dc-aebf-fd49f5d16ca8
2025-04-25T14:27:17.687Z [INFO]: User hanantomer@gmail.com joined lesson channel 387e0f19-6458-41dc-aebf-fd49f5d16ca8
2025-04-25T14:38:38.651Z [INFO]: User hanantomer@gmail.com attempting to join lesson 387e0f19-6458-41dc-aebf-fd49f5d16ca8
2025-04-25T14:38:38.653Z [INFO]: Processing teacher join request for hanantomer@gmail.com
2025-04-25T14:38:38.654Z [INFO]: Teacher hanantomer@gmail.com joining lesson 387e0f19-6458-41dc-aebf-fd49f5d16ca8
2025-04-25T14:38:38.655Z [INFO]: User hanantomer@gmail.com joined lesson channel 387e0f19-6458-41dc-aebf-fd49f5d16ca8
2025-04-25T14:58:26.015Z [INFO]: User hanantomer@gmail.com attempting to join lesson 387e0f19-6458-41dc-aebf-fd49f5d16ca8
2025-04-25T14:58:26.016Z [INFO]: Processing teacher join request for hanantomer@gmail.com
2025-04-25T14:58:26.017Z [INFO]: Teacher hanantomer@gmail.com joining lesson 387e0f19-6458-41dc-aebf-fd49f5d16ca8
2025-04-25T14:58:26.020Z [INFO]: User hanantomer@gmail.com joined lesson channel 387e0f19-6458-41dc-aebf-fd49f5d16ca8
2025-04-25T15:04:20.324Z [INFO]: User hanantomer@gmail.com attempting to join lesson 387e0f19-6458-41dc-aebf-fd49f5d16ca8
2025-04-25T15:04:20.325Z [INFO]: Processing teacher join request for hanantomer@gmail.com
2025-04-25T15:04:20.325Z [INFO]: Teacher hanantomer@gmail.com joining lesson 387e0f19-6458-41dc-aebf-fd49f5d16ca8
2025-04-25T15:04:20.325Z [INFO]: User hanantomer@gmail.com joined lesson channel 387e0f19-6458-41dc-aebf-fd49f5d16ca8
2025-04-25T15:05:32.137Z [INFO]: User hanantomer@gmail.com attempting to join lesson 387e0f19-6458-41dc-aebf-fd49f5d16ca8
2025-04-25T15:05:32.138Z [INFO]: Processing teacher join request for hanantomer@gmail.com
2025-04-25T15:05:32.139Z [INFO]: Teacher hanantomer@gmail.com joining lesson 387e0f19-6458-41dc-aebf-fd49f5d16ca8
2025-04-25T15:05:32.139Z [INFO]: User hanantomer@gmail.com joined lesson channel 387e0f19-6458-41dc-aebf-fd49f5d16ca8
2025-04-26T17:36:17.023Z [INFO]: Authentication service initialized
2025-04-26T17:50:48.783Z [INFO]: User hanantomer@gmail.com attempting to join lesson 0843f3e5-df64-4615-ae42-8c1d901e0eee
2025-04-26T17:50:48.784Z [INFO]: Processing teacher join request for hanantomer@gmail.com
2025-04-26T17:50:48.784Z [INFO]: Teacher hanantomer@gmail.com joining lesson 0843f3e5-df64-4615-ae42-8c1d901e0eee
2025-04-26T17:50:48.785Z [INFO]: User hanantomer@gmail.com joined lesson channel 0843f3e5-df64-4615-ae42-8c1d901e0eee
2025-04-26T17:56:18.162Z [INFO]: User hanantomer@gmail.com attempting to join lesson 0843f3e5-df64-4615-ae42-8c1d901e0eee
2025-04-26T17:56:18.162Z [INFO]: Processing teacher join request for hanantomer@gmail.com
2025-04-26T17:56:18.163Z [INFO]: Teacher hanantomer@gmail.com joining lesson 0843f3e5-df64-4615-ae42-8c1d901e0eee
2025-04-26T17:56:18.163Z [INFO]: User hanantomer@gmail.com joined lesson channel 0843f3e5-df64-4615-ae42-8c1d901e0eee
2025-04-26T19:47:20.350Z [INFO]: User hanantomer@gmail.com attempting to join lesson b57cbf31-14d6-41cd-bc03-1d705120df95
2025-04-26T19:47:20.352Z [INFO]: Processing teacher join request for hanantomer@gmail.com
2025-04-26T19:47:20.352Z [INFO]: Teacher hanantomer@gmail.com joining lesson b57cbf31-14d6-41cd-bc03-1d705120df95
2025-04-26T19:47:20.353Z [INFO]: User hanantomer@gmail.com joined lesson channel b57cbf31-14d6-41cd-bc03-1d705120df95
2025-04-26T20:41:34.458Z [INFO]: User hanantomer@gmail.com attempting to join lesson 2445f8cb-b2bf-4691-b004-3731e84acf98
2025-04-26T20:41:34.461Z [INFO]: Processing teacher join request for hanantomer@gmail.com
2025-04-26T20:41:34.461Z [INFO]: Teacher hanantomer@gmail.com joining lesson 2445f8cb-b2bf-4691-b004-3731e84acf98
2025-04-26T20:41:34.462Z [INFO]: User hanantomer@gmail.com joined lesson channel 2445f8cb-b2bf-4691-b004-3731e84acf98
2025-04-27T13:54:54.167Z [INFO]: Authentication service initialized
2025-04-27T13:59:19.754Z [INFO]: User hanantomer@gmail.com attempting to join lesson 583dafab-d842-4edf-bf97-446ca01349d1
2025-04-27T13:59:19.755Z [INFO]: Processing teacher join request for hanantomer@gmail.com
2025-04-27T13:59:19.756Z [INFO]: Teacher hanantomer@gmail.com joining lesson 583dafab-d842-4edf-bf97-446ca01349d1
2025-04-27T13:59:19.757Z [INFO]: User hanantomer@gmail.com joined lesson channel 583dafab-d842-4edf-bf97-446ca01349d1
2025-04-27T14:00:51.960Z [INFO]: User hanantomer1@gmail.com attempting to join lesson 583dafab-d842-4edf-bf97-446ca01349d1
2025-04-27T14:00:51.961Z [INFO]: Processing student join request for hanantomer1@gmail.com
2025-04-27T14:00:51.961Z [INFO]: Student hanantomer1@gmail.com joining lesson 583dafab-d842-4edf-bf97-446ca01349d1
2025-04-27T14:00:51.962Z [INFO]: Student hanantomer1@gmail.com joined their individual channel in lesson 583dafab-d842-4edf-bf97-446ca01349d1
2025-04-27T14:00:51.963Z [INFO]: Connecting teacher to student hanantomer1@gmail.com channel in lesson 583dafab-d842-4edf-bf97-446ca01349d1
2025-04-27T14:00:51.963Z [INFO]: User hanantomer1@gmail.com joined lesson channel 583dafab-d842-4edf-bf97-446ca01349d1
2025-04-27T15:39:42.532Z [INFO]: User hanantomer@gmail.com attempting to join lesson 583dafab-d842-4edf-bf97-446ca01349d1
2025-04-27T15:39:42.539Z [INFO]: Processing teacher join request for hanantomer@gmail.com
2025-04-27T15:39:42.539Z [INFO]: Teacher hanantomer@gmail.com joining lesson 583dafab-d842-4edf-bf97-446ca01349d1
2025-04-27T15:39:42.540Z [INFO]: Connecting teacher to existing student channels in lesson 583dafab-d842-4edf-bf97-446ca01349d1
2025-04-27T15:39:42.542Z [INFO]: User hanantomer@gmail.com joined lesson channel 583dafab-d842-4edf-bf97-446ca01349d1
2025-04-28T17:04:37.557Z [INFO]: Authentication service initialized
2025-04-28T19:37:22.083Z [INFO]: User hanantomer@gmail.com attempting to join lesson bcd93ce1-ea22-46b6-a8bc-137d1d028799
2025-04-28T19:37:22.094Z [INFO]: Processing teacher join request for hanantomer@gmail.com
2025-04-28T19:37:22.097Z [INFO]: Teacher hanantomer@gmail.com joining lesson bcd93ce1-ea22-46b6-a8bc-137d1d028799
2025-04-28T19:37:22.101Z [INFO]: User hanantomer@gmail.com joined lesson channel bcd93ce1-ea22-46b6-a8bc-137d1d028799
2025-04-28T19:37:57.867Z [INFO]: User hanantomer1@gmail.com attempting to join lesson bcd93ce1-ea22-46b6-a8bc-137d1d028799
2025-04-28T19:37:57.869Z [INFO]: Processing student join request for hanantomer1@gmail.com
2025-04-28T19:37:57.870Z [INFO]: Student hanantomer1@gmail.com joining lesson bcd93ce1-ea22-46b6-a8bc-137d1d028799
2025-04-28T19:37:57.871Z [INFO]: Student hanantomer1@gmail.com joined their individual channel in lesson bcd93ce1-ea22-46b6-a8bc-137d1d028799
2025-04-28T19:37:57.872Z [INFO]: Connecting teacher to student hanantomer1@gmail.com channel in lesson bcd93ce1-ea22-46b6-a8bc-137d1d028799
2025-04-28T19:37:57.872Z [INFO]: User hanantomer1@gmail.com joined lesson channel bcd93ce1-ea22-46b6-a8bc-137d1d028799
2025-04-28T19:43:50.368Z [INFO]: User hanantomer@gmail.com attempting to join lesson 5ba7e359-4bd1-4f66-9aac-81f401431b3c
2025-04-28T19:43:50.369Z [INFO]: Processing teacher join request for hanantomer@gmail.com
2025-04-28T19:43:50.370Z [INFO]: Teacher hanantomer@gmail.com joining lesson 5ba7e359-4bd1-4f66-9aac-81f401431b3c
2025-04-28T19:43:50.370Z [INFO]: User hanantomer@gmail.com joined lesson channel 5ba7e359-4bd1-4f66-9aac-81f401431b3c
2025-04-28T19:44:38.037Z [INFO]: User hanantomer1@gmail.com attempting to join lesson 5ba7e359-4bd1-4f66-9aac-81f401431b3c
2025-04-28T19:44:38.038Z [INFO]: Processing student join request for hanantomer1@gmail.com
2025-04-28T19:44:38.038Z [INFO]: Student hanantomer1@gmail.com joining lesson 5ba7e359-4bd1-4f66-9aac-81f401431b3c
2025-04-28T19:44:38.039Z [INFO]: Student hanantomer1@gmail.com joined their individual channel in lesson 5ba7e359-4bd1-4f66-9aac-81f401431b3c
2025-04-28T19:44:38.039Z [INFO]: Connecting teacher to student hanantomer1@gmail.com channel in lesson 5ba7e359-4bd1-4f66-9aac-81f401431b3c
2025-04-28T19:44:38.040Z [INFO]: User hanantomer1@gmail.com joined lesson channel 5ba7e359-4bd1-4f66-9aac-81f401431b3c
2025-04-28T19:50:55.585Z [INFO]: User hanantomer@gmail.com attempting to join lesson c6c2b46b-c645-49a1-9553-5e05fab3f49b
2025-04-28T19:50:55.586Z [INFO]: Processing teacher join request for hanantomer@gmail.com
2025-04-28T19:50:55.586Z [INFO]: Teacher hanantomer@gmail.com joining lesson c6c2b46b-c645-49a1-9553-5e05fab3f49b
2025-04-28T19:50:55.587Z [INFO]: User hanantomer@gmail.com joined lesson channel c6c2b46b-c645-49a1-9553-5e05fab3f49b
2025-04-28T19:51:25.058Z [INFO]: User hanantomer1@gmail.com attempting to join lesson c6c2b46b-c645-49a1-9553-5e05fab3f49b
2025-04-28T19:51:25.059Z [INFO]: Processing student join request for hanantomer1@gmail.com
2025-04-28T19:51:25.059Z [INFO]: Student hanantomer1@gmail.com joining lesson c6c2b46b-c645-49a1-9553-5e05fab3f49b
2025-04-28T19:51:25.060Z [INFO]: Student hanantomer1@gmail.com joined their individual channel in lesson c6c2b46b-c645-49a1-9553-5e05fab3f49b
2025-04-28T19:51:25.060Z [INFO]: Connecting teacher to student hanantomer1@gmail.com channel in lesson c6c2b46b-c645-49a1-9553-5e05fab3f49b
2025-04-28T19:51:25.061Z [INFO]: User hanantomer1@gmail.com joined lesson channel c6c2b46b-c645-49a1-9553-5e05fab3f49b
2025-04-28T19:54:36.241Z [INFO]: User hanantomer1@gmail.com attempting to join lesson c6c2b46b-c645-49a1-9553-5e05fab3f49b
2025-04-28T19:54:36.241Z [INFO]: Processing student join request for hanantomer1@gmail.com
2025-04-28T19:54:36.242Z [INFO]: Student hanantomer1@gmail.com joining lesson c6c2b46b-c645-49a1-9553-5e05fab3f49b
2025-04-28T19:54:36.242Z [INFO]: Student hanantomer1@gmail.com joined their individual channel in lesson c6c2b46b-c645-49a1-9553-5e05fab3f49b
2025-04-28T19:54:36.242Z [INFO]: Connecting teacher to student hanantomer1@gmail.com channel in lesson c6c2b46b-c645-49a1-9553-5e05fab3f49b
2025-04-28T19:54:36.243Z [INFO]: User hanantomer1@gmail.com joined lesson channel c6c2b46b-c645-49a1-9553-5e05fab3f49b
2025-04-29T16:10:17.026Z [INFO]: Authentication service initialized
2025-04-29T16:11:37.243Z [INFO]: User hanantomer@gmail.com attempting to join lesson f80d3142-0f19-4540-bf6b-25dac0cd2758
2025-04-29T16:11:37.244Z [INFO]: Processing teacher join request for hanantomer@gmail.com
2025-04-29T16:11:37.244Z [INFO]: Teacher hanantomer@gmail.com joining lesson f80d3142-0f19-4540-bf6b-25dac0cd2758
2025-04-29T16:11:37.245Z [INFO]: User hanantomer@gmail.com joined lesson channel f80d3142-0f19-4540-bf6b-25dac0cd2758
2025-04-29T16:15:59.782Z [INFO]: User hanantomer@gmail.com attempting to join lesson f80d3142-0f19-4540-bf6b-25dac0cd2758
2025-04-29T16:15:59.783Z [INFO]: Processing teacher join request for hanantomer@gmail.com
2025-04-29T16:15:59.784Z [INFO]: Teacher hanantomer@gmail.com joining lesson f80d3142-0f19-4540-bf6b-25dac0cd2758
2025-04-29T16:15:59.785Z [INFO]: User hanantomer@gmail.com joined lesson channel f80d3142-0f19-4540-bf6b-25dac0cd2758
2025-04-29T16:56:25.770Z [INFO]: User hanantomer@gmail.com attempting to join lesson f80d3142-0f19-4540-bf6b-25dac0cd2758
2025-04-29T16:56:25.772Z [INFO]: Processing teacher join request for hanantomer@gmail.com
2025-04-29T16:56:25.773Z [INFO]: Teacher hanantomer@gmail.com joining lesson f80d3142-0f19-4540-bf6b-25dac0cd2758
2025-04-29T16:56:25.773Z [INFO]: User hanantomer@gmail.com joined lesson channel f80d3142-0f19-4540-bf6b-25dac0cd2758
2025-04-29T17:16:50.835Z [INFO]: User hanantomer@gmail.com attempting to join lesson f80d3142-0f19-4540-bf6b-25dac0cd2758
2025-04-29T17:16:50.837Z [INFO]: Processing teacher join request for hanantomer@gmail.com
2025-04-29T17:16:50.838Z [INFO]: Teacher hanantomer@gmail.com joining lesson f80d3142-0f19-4540-bf6b-25dac0cd2758
2025-04-29T17:16:50.839Z [INFO]: User hanantomer@gmail.com joined lesson channel f80d3142-0f19-4540-bf6b-25dac0cd2758
2025-04-29T17:25:15.622Z [INFO]: User hanantomer@gmail.com attempting to join lesson f80d3142-0f19-4540-bf6b-25dac0cd2758
2025-04-29T17:25:15.623Z [INFO]: Processing teacher join request for hanantomer@gmail.com
2025-04-29T17:25:15.623Z [INFO]: Teacher hanantomer@gmail.com joining lesson f80d3142-0f19-4540-bf6b-25dac0cd2758
2025-04-29T17:25:15.626Z [INFO]: User hanantomer@gmail.com joined lesson channel f80d3142-0f19-4540-bf6b-25dac0cd2758
2025-04-29T17:29:53.552Z [INFO]: User hanantomer@gmail.com attempting to join lesson f80d3142-0f19-4540-bf6b-25dac0cd2758
2025-04-29T17:29:53.553Z [INFO]: Processing teacher join request for hanantomer@gmail.com
2025-04-29T17:29:53.554Z [INFO]: Teacher hanantomer@gmail.com joining lesson f80d3142-0f19-4540-bf6b-25dac0cd2758
2025-04-29T17:29:53.554Z [INFO]: User hanantomer@gmail.com joined lesson channel f80d3142-0f19-4540-bf6b-25dac0cd2758
2025-04-29T17:38:56.697Z [INFO]: User hanantomer@gmail.com attempting to join lesson f80d3142-0f19-4540-bf6b-25dac0cd2758
2025-04-29T17:38:56.698Z [INFO]: Processing teacher join request for hanantomer@gmail.com
2025-04-29T17:38:56.698Z [INFO]: Teacher hanantomer@gmail.com joining lesson f80d3142-0f19-4540-bf6b-25dac0cd2758
2025-04-29T17:38:56.699Z [INFO]: User hanantomer@gmail.com joined lesson channel f80d3142-0f19-4540-bf6b-25dac0cd2758
2025-04-29T17:40:11.129Z [INFO]: User hanantomer@gmail.com attempting to join lesson f80d3142-0f19-4540-bf6b-25dac0cd2758
2025-04-29T17:40:11.130Z [INFO]: Processing teacher join request for hanantomer@gmail.com
2025-04-29T17:40:11.131Z [INFO]: Teacher hanantomer@gmail.com joining lesson f80d3142-0f19-4540-bf6b-25dac0cd2758
2025-04-29T17:40:11.131Z [INFO]: User hanantomer@gmail.com joined lesson channel f80d3142-0f19-4540-bf6b-25dac0cd2758
2025-04-29T17:51:12.790Z [INFO]: User hanantomer@gmail.com attempting to join lesson f80d3142-0f19-4540-bf6b-25dac0cd2758
2025-04-29T17:51:12.792Z [INFO]: Processing teacher join request for hanantomer@gmail.com
2025-04-29T17:51:12.792Z [INFO]: Teacher hanantomer@gmail.com joining lesson f80d3142-0f19-4540-bf6b-25dac0cd2758
2025-04-29T17:51:12.793Z [INFO]: User hanantomer@gmail.com joined lesson channel f80d3142-0f19-4540-bf6b-25dac0cd2758
2025-04-29T17:53:16.272Z [INFO]: User hanantomer@gmail.com attempting to join lesson f80d3142-0f19-4540-bf6b-25dac0cd2758
2025-04-29T17:53:16.273Z [INFO]: Processing teacher join request for hanantomer@gmail.com
2025-04-29T17:53:16.274Z [INFO]: Teacher hanantomer@gmail.com joining lesson f80d3142-0f19-4540-bf6b-25dac0cd2758
2025-04-29T17:53:16.274Z [INFO]: User hanantomer@gmail.com joined lesson channel f80d3142-0f19-4540-bf6b-25dac0cd2758
2025-04-29T17:54:04.966Z [INFO]: User hanantomer@gmail.com attempting to join lesson f80d3142-0f19-4540-bf6b-25dac0cd2758
2025-04-29T17:54:04.969Z [INFO]: Processing teacher join request for hanantomer@gmail.com
2025-04-29T17:54:04.969Z [INFO]: Teacher hanantomer@gmail.com joining lesson f80d3142-0f19-4540-bf6b-25dac0cd2758
2025-04-29T17:54:04.970Z [INFO]: User hanantomer@gmail.com joined lesson channel f80d3142-0f19-4540-bf6b-25dac0cd2758
2025-04-29T18:16:36.671Z [INFO]: User hanantomer@gmail.com attempting to join lesson f80d3142-0f19-4540-bf6b-25dac0cd2758
2025-04-29T18:16:36.672Z [INFO]: Processing teacher join request for hanantomer@gmail.com
2025-04-29T18:16:36.672Z [INFO]: Teacher hanantomer@gmail.com joining lesson f80d3142-0f19-4540-bf6b-25dac0cd2758
2025-04-29T18:16:36.673Z [INFO]: User hanantomer@gmail.com joined lesson channel f80d3142-0f19-4540-bf6b-25dac0cd2758
2025-04-30T14:05:25.661Z [INFO]: Authentication service initialized
2025-04-30T14:05:32.567Z [INFO]: Authentication service initialized
2025-04-30T14:06:05.892Z [INFO]: User hanantomer@gmail.com attempting to join lesson c07ed1f0-fcb1-47fa-83f5-147a4b138e13
2025-04-30T14:06:05.893Z [INFO]: Processing teacher join request for hanantomer@gmail.com
2025-04-30T14:06:05.894Z [INFO]: Teacher hanantomer@gmail.com joining lesson c07ed1f0-fcb1-47fa-83f5-147a4b138e13
2025-04-30T14:06:05.895Z [INFO]: User hanantomer@gmail.com joined lesson channel c07ed1f0-fcb1-47fa-83f5-147a4b138e13
2025-04-30T14:07:42.018Z [INFO]: User hanantomer@gmail.com attempting to join lesson c07ed1f0-fcb1-47fa-83f5-147a4b138e13
2025-04-30T14:07:42.019Z [INFO]: Processing teacher join request for hanantomer@gmail.com
2025-04-30T14:07:42.020Z [INFO]: Teacher hanantomer@gmail.com joining lesson c07ed1f0-fcb1-47fa-83f5-147a4b138e13
2025-04-30T14:07:42.021Z [INFO]: User hanantomer@gmail.com joined lesson channel c07ed1f0-fcb1-47fa-83f5-147a4b138e13
2025-04-30T14:09:37.833Z [INFO]: User hanantomer@gmail.com attempting to join lesson c07ed1f0-fcb1-47fa-83f5-147a4b138e13
2025-04-30T14:09:37.834Z [INFO]: Processing teacher join request for hanantomer@gmail.com
2025-04-30T14:09:37.834Z [INFO]: Teacher hanantomer@gmail.com joining lesson c07ed1f0-fcb1-47fa-83f5-147a4b138e13
2025-04-30T14:09:37.835Z [INFO]: User hanantomer@gmail.com joined lesson channel c07ed1f0-fcb1-47fa-83f5-147a4b138e13
2025-04-30T14:19:25.447Z [INFO]: User hanantomer@gmail.com attempting to join lesson c07ed1f0-fcb1-47fa-83f5-147a4b138e13
2025-04-30T14:19:25.448Z [INFO]: Processing teacher join request for hanantomer@gmail.com
2025-04-30T14:19:25.449Z [INFO]: Teacher hanantomer@gmail.com joining lesson c07ed1f0-fcb1-47fa-83f5-147a4b138e13
2025-04-30T14:19:25.449Z [INFO]: User hanantomer@gmail.com joined lesson channel c07ed1f0-fcb1-47fa-83f5-147a4b138e13
2025-04-30T14:19:39.348Z [INFO]: User hanantomer@gmail.com attempting to join lesson c07ed1f0-fcb1-47fa-83f5-147a4b138e13
2025-04-30T14:19:39.349Z [INFO]: Processing teacher join request for hanantomer@gmail.com
2025-04-30T14:19:39.349Z [INFO]: Teacher hanantomer@gmail.com joining lesson c07ed1f0-fcb1-47fa-83f5-147a4b138e13
2025-04-30T14:19:39.350Z [INFO]: User hanantomer@gmail.com joined lesson channel c07ed1f0-fcb1-47fa-83f5-147a4b138e13
2025-04-30T15:47:51.567Z [INFO]: User hanantomer@gmail.com attempting to join lesson c07ed1f0-fcb1-47fa-83f5-147a4b138e13
2025-04-30T15:47:51.570Z [INFO]: Processing teacher join request for hanantomer@gmail.com
2025-04-30T15:47:51.570Z [INFO]: Teacher hanantomer@gmail.com joining lesson c07ed1f0-fcb1-47fa-83f5-147a4b138e13
2025-04-30T15:47:51.571Z [INFO]: User hanantomer@gmail.com joined lesson channel c07ed1f0-fcb1-47fa-83f5-147a4b138e13
2025-04-30T15:49:08.491Z [INFO]: User hanantomer@gmail.com attempting to join lesson c07ed1f0-fcb1-47fa-83f5-147a4b138e13
2025-04-30T15:49:08.492Z [INFO]: Processing teacher join request for hanantomer@gmail.com
2025-04-30T15:49:08.493Z [INFO]: Teacher hanantomer@gmail.com joining lesson c07ed1f0-fcb1-47fa-83f5-147a4b138e13
2025-04-30T15:49:08.493Z [INFO]: User hanantomer@gmail.com joined lesson channel c07ed1f0-fcb1-47fa-83f5-147a4b138e13
2025-04-30T15:50:03.818Z [INFO]: User hanantomer@gmail.com attempting to join lesson c07ed1f0-fcb1-47fa-83f5-147a4b138e13
2025-04-30T15:50:03.819Z [INFO]: Processing teacher join request for hanantomer@gmail.com
2025-04-30T15:50:03.820Z [INFO]: Teacher hanantomer@gmail.com joining lesson c07ed1f0-fcb1-47fa-83f5-147a4b138e13
2025-04-30T15:50:03.821Z [INFO]: User hanantomer@gmail.com joined lesson channel c07ed1f0-fcb1-47fa-83f5-147a4b138e13
2025-04-30T15:59:59.158Z [INFO]: User hanantomer@gmail.com attempting to join lesson 2a6715bf-12cf-4be1-a7d5-721a4c81137d
2025-04-30T15:59:59.159Z [INFO]: Processing teacher join request for hanantomer@gmail.com
2025-04-30T15:59:59.160Z [INFO]: Teacher hanantomer@gmail.com joining lesson 2a6715bf-12cf-4be1-a7d5-721a4c81137d
2025-04-30T15:59:59.161Z [INFO]: User hanantomer@gmail.com joined lesson channel 2a6715bf-12cf-4be1-a7d5-721a4c81137d
2025-05-02T08:41:20.101Z [INFO]: Authentication service initialized
2025-05-02T08:41:25.029Z [INFO]: User hanantomer@gmail.com attempting to join lesson a5f4d6db-0051-4179-a038-a00a306cfad9
2025-05-02T08:41:25.030Z [INFO]: Processing teacher join request for hanantomer@gmail.com
2025-05-02T08:41:25.031Z [INFO]: Teacher hanantomer@gmail.com joining lesson a5f4d6db-0051-4179-a038-a00a306cfad9
2025-05-02T08:41:25.031Z [INFO]: User hanantomer@gmail.com joined lesson channel a5f4d6db-0051-4179-a038-a00a306cfad9
2025-05-02T08:49:12.826Z [INFO]: User hanantomer@gmail.com attempting to join lesson 937db9b7-41b5-441a-8344-fd4d11b33f15
2025-05-02T08:49:12.827Z [INFO]: Processing teacher join request for hanantomer@gmail.com
2025-05-02T08:49:12.827Z [INFO]: Teacher hanantomer@gmail.com joining lesson 937db9b7-41b5-441a-8344-fd4d11b33f15
2025-05-02T08:49:12.828Z [INFO]: User hanantomer@gmail.com joined lesson channel 937db9b7-41b5-441a-8344-fd4d11b33f15
2025-05-02T08:50:07.515Z [INFO]: User hanantomer@gmail.com attempting to join lesson 937db9b7-41b5-441a-8344-fd4d11b33f15
2025-05-02T08:50:07.516Z [INFO]: Processing teacher join request for hanantomer@gmail.com
2025-05-02T08:50:07.516Z [INFO]: Teacher hanantomer@gmail.com joining lesson 937db9b7-41b5-441a-8344-fd4d11b33f15
2025-05-02T08:50:07.517Z [INFO]: User hanantomer@gmail.com joined lesson channel 937db9b7-41b5-441a-8344-fd4d11b33f15
2025-05-02T10:09:28.919Z [INFO]: User hanantomer1@gmail.com attempting to join lesson 937db9b7-41b5-441a-8344-fd4d11b33f15
2025-05-02T10:09:28.920Z [INFO]: Processing student join request for hanantomer1@gmail.com
2025-05-02T10:09:28.920Z [INFO]: Student hanantomer1@gmail.com joining lesson 937db9b7-41b5-441a-8344-fd4d11b33f15
2025-05-02T10:09:28.921Z [INFO]: Student hanantomer1@gmail.com joined their individual channel in lesson 937db9b7-41b5-441a-8344-fd4d11b33f15
2025-05-02T10:09:28.921Z [INFO]: Connecting teacher to student hanantomer1@gmail.com channel in lesson 937db9b7-41b5-441a-8344-fd4d11b33f15
2025-05-02T10:09:28.922Z [INFO]: User hanantomer1@gmail.com joined lesson channel 937db9b7-41b5-441a-8344-fd4d11b33f15
2025-05-02T10:09:53.048Z [INFO]: User hanantomer1@gmail.com attempting to join lesson 937db9b7-41b5-441a-8344-fd4d11b33f15
2025-05-02T10:09:53.049Z [INFO]: Processing student join request for hanantomer1@gmail.com
2025-05-02T10:09:53.049Z [INFO]: Student hanantomer1@gmail.com joining lesson 937db9b7-41b5-441a-8344-fd4d11b33f15
2025-05-02T10:09:53.050Z [INFO]: Student hanantomer1@gmail.com joined their individual channel in lesson 937db9b7-41b5-441a-8344-fd4d11b33f15
2025-05-02T10:09:53.050Z [INFO]: Connecting teacher to student hanantomer1@gmail.com channel in lesson 937db9b7-41b5-441a-8344-fd4d11b33f15
2025-05-02T10:09:53.050Z [INFO]: User hanantomer1@gmail.com joined lesson channel 937db9b7-41b5-441a-8344-fd4d11b33f15
2025-05-02T11:06:39.489Z [INFO]: User hanantomer@gmail.com attempting to join lesson 937db9b7-41b5-441a-8344-fd4d11b33f15
2025-05-02T11:06:39.492Z [INFO]: Processing teacher join request for hanantomer@gmail.com
2025-05-02T11:06:39.493Z [INFO]: Teacher hanantomer@gmail.com joining lesson 937db9b7-41b5-441a-8344-fd4d11b33f15
2025-05-02T11:06:39.493Z [INFO]: Connecting teacher to existing student channels in lesson 937db9b7-41b5-441a-8344-fd4d11b33f15
2025-05-02T11:06:39.495Z [INFO]: User hanantomer@gmail.com joined lesson channel 937db9b7-41b5-441a-8344-fd4d11b33f15
2025-05-02T11:07:15.572Z [INFO]: User hanantomer@gmail.com attempting to join lesson 937db9b7-41b5-441a-8344-fd4d11b33f15
2025-05-02T11:07:15.573Z [INFO]: Processing teacher join request for hanantomer@gmail.com
2025-05-02T11:07:15.573Z [INFO]: Teacher hanantomer@gmail.com joining lesson 937db9b7-41b5-441a-8344-fd4d11b33f15
2025-05-02T11:07:15.574Z [INFO]: Connecting teacher to existing student channels in lesson 937db9b7-41b5-441a-8344-fd4d11b33f15
2025-05-02T11:07:15.575Z [INFO]: User hanantomer@gmail.com joined lesson channel 937db9b7-41b5-441a-8344-fd4d11b33f15
2025-05-02T11:07:25.264Z [INFO]: User hanantomer@gmail.com attempting to join lesson 937db9b7-41b5-441a-8344-fd4d11b33f15
2025-05-02T11:07:25.265Z [INFO]: Processing teacher join request for hanantomer@gmail.com
2025-05-02T11:07:25.265Z [INFO]: Teacher hanantomer@gmail.com joining lesson 937db9b7-41b5-441a-8344-fd4d11b33f15
2025-05-02T11:07:25.265Z [INFO]: Connecting teacher to existing student channels in lesson 937db9b7-41b5-441a-8344-fd4d11b33f15
2025-05-02T11:07:25.266Z [INFO]: User hanantomer@gmail.com joined lesson channel 937db9b7-41b5-441a-8344-fd4d11b33f15
2025-05-02T11:07:43.360Z [INFO]: User hanantomer@gmail.com attempting to join lesson 937db9b7-41b5-441a-8344-fd4d11b33f15
2025-05-02T11:07:43.361Z [INFO]: Processing teacher join request for hanantomer@gmail.com
2025-05-02T11:07:43.362Z [INFO]: Teacher hanantomer@gmail.com joining lesson 937db9b7-41b5-441a-8344-fd4d11b33f15
2025-05-02T11:07:43.362Z [INFO]: Connecting teacher to existing student channels in lesson 937db9b7-41b5-441a-8344-fd4d11b33f15
2025-05-02T11:07:43.362Z [INFO]: User hanantomer@gmail.com joined lesson channel 937db9b7-41b5-441a-8344-fd4d11b33f15
2025-05-02T11:07:51.746Z [INFO]: User hanantomer@gmail.com attempting to join lesson 937db9b7-41b5-441a-8344-fd4d11b33f15
2025-05-02T11:07:51.747Z [INFO]: Processing teacher join request for hanantomer@gmail.com
2025-05-02T11:07:51.748Z [INFO]: Teacher hanantomer@gmail.com joining lesson 937db9b7-41b5-441a-8344-fd4d11b33f15
2025-05-02T11:07:51.748Z [INFO]: Connecting teacher to existing student channels in lesson 937db9b7-41b5-441a-8344-fd4d11b33f15
2025-05-02T11:07:51.749Z [INFO]: User hanantomer@gmail.com joined lesson channel 937db9b7-41b5-441a-8344-fd4d11b33f15
2025-05-02T11:08:03.075Z [INFO]: User hanantomer@gmail.com attempting to join lesson 937db9b7-41b5-441a-8344-fd4d11b33f15
2025-05-02T11:08:03.076Z [INFO]: Processing teacher join request for hanantomer@gmail.com
2025-05-02T11:08:03.077Z [INFO]: Teacher hanantomer@gmail.com joining lesson 937db9b7-41b5-441a-8344-fd4d11b33f15
2025-05-02T11:08:03.077Z [INFO]: Connecting teacher to existing student channels in lesson 937db9b7-41b5-441a-8344-fd4d11b33f15
2025-05-02T11:08:03.078Z [INFO]: User hanantomer@gmail.com joined lesson channel 937db9b7-41b5-441a-8344-fd4d11b33f15
2025-05-02T11:08:22.093Z [INFO]: User hanantomer@gmail.com attempting to join lesson 937db9b7-41b5-441a-8344-fd4d11b33f15
2025-05-02T11:08:22.094Z [INFO]: Processing teacher join request for hanantomer@gmail.com
2025-05-02T11:08:22.095Z [INFO]: Teacher hanantomer@gmail.com joining lesson 937db9b7-41b5-441a-8344-fd4d11b33f15
2025-05-02T11:08:22.095Z [INFO]: Connecting teacher to existing student channels in lesson 937db9b7-41b5-441a-8344-fd4d11b33f15
2025-05-02T11:08:22.095Z [INFO]: User hanantomer@gmail.com joined lesson channel 937db9b7-41b5-441a-8344-fd4d11b33f15
2025-05-02T11:08:41.758Z [INFO]: User hanantomer@gmail.com attempting to join lesson 937db9b7-41b5-441a-8344-fd4d11b33f15
2025-05-02T11:08:41.758Z [INFO]: Processing teacher join request for hanantomer@gmail.com
2025-05-02T11:08:41.759Z [INFO]: Teacher hanantomer@gmail.com joining lesson 937db9b7-41b5-441a-8344-fd4d11b33f15
2025-05-02T11:08:41.759Z [INFO]: Connecting teacher to existing student channels in lesson 937db9b7-41b5-441a-8344-fd4d11b33f15
2025-05-02T11:08:41.760Z [INFO]: User hanantomer@gmail.com joined lesson channel 937db9b7-41b5-441a-8344-fd4d11b33f15
2025-05-02T11:10:58.894Z [INFO]: User hanantomer@gmail.com attempting to join lesson 937db9b7-41b5-441a-8344-fd4d11b33f15
2025-05-02T11:10:58.895Z [INFO]: Processing teacher join request for hanantomer@gmail.com
2025-05-02T11:10:58.896Z [INFO]: Teacher hanantomer@gmail.com joining lesson 937db9b7-41b5-441a-8344-fd4d11b33f15
2025-05-02T11:10:58.897Z [INFO]: Connecting teacher to existing student channels in lesson 937db9b7-41b5-441a-8344-fd4d11b33f15
2025-05-02T11:10:58.897Z [INFO]: User hanantomer@gmail.com joined lesson channel 937db9b7-41b5-441a-8344-fd4d11b33f15
2025-05-02T11:12:01.448Z [INFO]: User hanantomer@gmail.com attempting to join lesson 937db9b7-41b5-441a-8344-fd4d11b33f15
2025-05-02T11:12:01.449Z [INFO]: Processing teacher join request for hanantomer@gmail.com
2025-05-02T11:12:01.449Z [INFO]: Teacher hanantomer@gmail.com joining lesson 937db9b7-41b5-441a-8344-fd4d11b33f15
2025-05-02T11:12:01.449Z [INFO]: Connecting teacher to existing student channels in lesson 937db9b7-41b5-441a-8344-fd4d11b33f15
2025-05-02T11:12:01.450Z [INFO]: User hanantomer@gmail.com joined lesson channel 937db9b7-41b5-441a-8344-fd4d11b33f15
2025-05-02T11:12:47.331Z [INFO]: User hanantomer@gmail.com attempting to join lesson 937db9b7-41b5-441a-8344-fd4d11b33f15
2025-05-02T11:12:47.332Z [INFO]: Processing teacher join request for hanantomer@gmail.com
2025-05-02T11:12:47.332Z [INFO]: Teacher hanantomer@gmail.com joining lesson 937db9b7-41b5-441a-8344-fd4d11b33f15
2025-05-02T11:12:47.333Z [INFO]: Connecting teacher to existing student channels in lesson 937db9b7-41b5-441a-8344-fd4d11b33f15
2025-05-02T11:12:47.333Z [INFO]: User hanantomer@gmail.com joined lesson channel 937db9b7-41b5-441a-8344-fd4d11b33f15
2025-05-02T11:14:42.697Z [INFO]: User hanantomer@gmail.com attempting to join lesson 937db9b7-41b5-441a-8344-fd4d11b33f15
2025-05-02T11:14:42.698Z [INFO]: Processing teacher join request for hanantomer@gmail.com
2025-05-02T11:14:42.699Z [INFO]: Teacher hanantomer@gmail.com joining lesson 937db9b7-41b5-441a-8344-fd4d11b33f15
2025-05-02T11:14:42.699Z [INFO]: Connecting teacher to existing student channels in lesson 937db9b7-41b5-441a-8344-fd4d11b33f15
2025-05-02T11:14:42.700Z [INFO]: User hanantomer@gmail.com joined lesson channel 937db9b7-41b5-441a-8344-fd4d11b33f15
2025-05-02T11:14:44.893Z [INFO]: User hanantomer@gmail.com attempting to join lesson 937db9b7-41b5-441a-8344-fd4d11b33f15
2025-05-02T11:14:44.894Z [INFO]: Processing teacher join request for hanantomer@gmail.com
2025-05-02T11:14:44.895Z [INFO]: Teacher hanantomer@gmail.com joining lesson 937db9b7-41b5-441a-8344-fd4d11b33f15
2025-05-02T11:14:44.895Z [INFO]: Connecting teacher to existing student channels in lesson 937db9b7-41b5-441a-8344-fd4d11b33f15
2025-05-02T11:14:44.896Z [INFO]: User hanantomer@gmail.com joined lesson channel 937db9b7-41b5-441a-8344-fd4d11b33f15
2025-05-02T11:19:01.595Z [INFO]: User hanantomer@gmail.com attempting to join lesson 937db9b7-41b5-441a-8344-fd4d11b33f15
2025-05-02T11:19:01.596Z [INFO]: Processing teacher join request for hanantomer@gmail.com
2025-05-02T11:19:01.597Z [INFO]: Teacher hanantomer@gmail.com joining lesson 937db9b7-41b5-441a-8344-fd4d11b33f15
2025-05-02T11:19:01.598Z [INFO]: Connecting teacher to existing student channels in lesson 937db9b7-41b5-441a-8344-fd4d11b33f15
2025-05-02T11:19:01.599Z [INFO]: User hanantomer@gmail.com joined lesson channel 937db9b7-41b5-441a-8344-fd4d11b33f15
2025-05-02T11:19:05.550Z [INFO]: User hanantomer@gmail.com attempting to join lesson 937db9b7-41b5-441a-8344-fd4d11b33f15
2025-05-02T11:19:05.551Z [INFO]: Processing teacher join request for hanantomer@gmail.com
2025-05-02T11:19:05.552Z [INFO]: Teacher hanantomer@gmail.com joining lesson 937db9b7-41b5-441a-8344-fd4d11b33f15
2025-05-02T11:19:05.552Z [INFO]: Connecting teacher to existing student channels in lesson 937db9b7-41b5-441a-8344-fd4d11b33f15
2025-05-02T11:19:05.552Z [INFO]: User hanantomer@gmail.com joined lesson channel 937db9b7-41b5-441a-8344-fd4d11b33f15
2025-05-02T11:19:47.195Z [INFO]: User hanantomer@gmail.com attempting to join lesson 937db9b7-41b5-441a-8344-fd4d11b33f15
2025-05-02T11:19:47.196Z [INFO]: Processing teacher join request for hanantomer@gmail.com
2025-05-02T11:19:47.196Z [INFO]: Teacher hanantomer@gmail.com joining lesson 937db9b7-41b5-441a-8344-fd4d11b33f15
2025-05-02T11:19:47.197Z [INFO]: Connecting teacher to existing student channels in lesson 937db9b7-41b5-441a-8344-fd4d11b33f15
2025-05-02T11:19:47.197Z [INFO]: User hanantomer@gmail.com joined lesson channel 937db9b7-41b5-441a-8344-fd4d11b33f15
2025-05-02T11:21:20.433Z [INFO]: User hanantomer@gmail.com attempting to join lesson 937db9b7-41b5-441a-8344-fd4d11b33f15
2025-05-02T11:21:20.434Z [INFO]: Processing teacher join request for hanantomer@gmail.com
2025-05-02T11:21:20.434Z [INFO]: Teacher hanantomer@gmail.com joining lesson 937db9b7-41b5-441a-8344-fd4d11b33f15
2025-05-02T11:21:20.435Z [INFO]: Connecting teacher to existing student channels in lesson 937db9b7-41b5-441a-8344-fd4d11b33f15
2025-05-02T11:21:20.435Z [INFO]: User hanantomer@gmail.com joined lesson channel 937db9b7-41b5-441a-8344-fd4d11b33f15
2025-05-02T11:21:23.513Z [INFO]: User hanantomer@gmail.com attempting to join lesson 937db9b7-41b5-441a-8344-fd4d11b33f15
2025-05-02T11:21:23.514Z [INFO]: Processing teacher join request for hanantomer@gmail.com
2025-05-02T11:21:23.515Z [INFO]: Teacher hanantomer@gmail.com joining lesson 937db9b7-41b5-441a-8344-fd4d11b33f15
2025-05-02T11:21:23.515Z [INFO]: Connecting teacher to existing student channels in lesson 937db9b7-41b5-441a-8344-fd4d11b33f15
2025-05-02T11:21:23.516Z [INFO]: User hanantomer@gmail.com joined lesson channel 937db9b7-41b5-441a-8344-fd4d11b33f15
2025-05-02T11:24:34.061Z [INFO]: User hanantomer@gmail.com attempting to join lesson 937db9b7-41b5-441a-8344-fd4d11b33f15
2025-05-02T11:24:34.062Z [INFO]: Processing teacher join request for hanantomer@gmail.com
2025-05-02T11:24:34.063Z [INFO]: Teacher hanantomer@gmail.com joining lesson 937db9b7-41b5-441a-8344-fd4d11b33f15
2025-05-02T11:24:34.063Z [INFO]: Connecting teacher to existing student channels in lesson 937db9b7-41b5-441a-8344-fd4d11b33f15
2025-05-02T11:24:34.063Z [INFO]: User hanantomer@gmail.com joined lesson channel 937db9b7-41b5-441a-8344-fd4d11b33f15
2025-05-02T12:29:00.382Z [INFO]: User hanantomer@gmail.com attempting to join lesson 937db9b7-41b5-441a-8344-fd4d11b33f15
2025-05-02T12:29:00.384Z [INFO]: Processing teacher join request for hanantomer@gmail.com
2025-05-02T12:29:00.384Z [INFO]: Teacher hanantomer@gmail.com joining lesson 937db9b7-41b5-441a-8344-fd4d11b33f15
2025-05-02T12:29:00.385Z [INFO]: Connecting teacher to existing student channels in lesson 937db9b7-41b5-441a-8344-fd4d11b33f15
2025-05-02T12:29:00.385Z [INFO]: User hanantomer@gmail.com joined lesson channel 937db9b7-41b5-441a-8344-fd4d11b33f15
2025-05-02T12:30:06.252Z [INFO]: User hanantomer@gmail.com attempting to join lesson 937db9b7-41b5-441a-8344-fd4d11b33f15
2025-05-02T12:30:06.253Z [INFO]: Processing teacher join request for hanantomer@gmail.com
2025-05-02T12:30:06.253Z [INFO]: Teacher hanantomer@gmail.com joining lesson 937db9b7-41b5-441a-8344-fd4d11b33f15
2025-05-02T12:30:06.254Z [INFO]: Connecting teacher to existing student channels in lesson 937db9b7-41b5-441a-8344-fd4d11b33f15
2025-05-02T12:30:06.254Z [INFO]: User hanantomer@gmail.com joined lesson channel 937db9b7-41b5-441a-8344-fd4d11b33f15
2025-05-02T12:32:22.082Z [INFO]: User hanantomer@gmail.com attempting to join lesson 937db9b7-41b5-441a-8344-fd4d11b33f15
2025-05-02T12:32:22.083Z [INFO]: Processing teacher join request for hanantomer@gmail.com
2025-05-02T12:32:22.084Z [INFO]: Teacher hanantomer@gmail.com joining lesson 937db9b7-41b5-441a-8344-fd4d11b33f15
2025-05-02T12:32:22.084Z [INFO]: Connecting teacher to existing student channels in lesson 937db9b7-41b5-441a-8344-fd4d11b33f15
2025-05-02T12:32:22.085Z [INFO]: User hanantomer@gmail.com joined lesson channel 937db9b7-41b5-441a-8344-fd4d11b33f15
2025-05-02T12:32:55.436Z [INFO]: User hanantomer@gmail.com attempting to join lesson 937db9b7-41b5-441a-8344-fd4d11b33f15
2025-05-02T12:32:55.438Z [INFO]: Processing teacher join request for hanantomer@gmail.com
2025-05-02T12:32:55.438Z [INFO]: Teacher hanantomer@gmail.com joining lesson 937db9b7-41b5-441a-8344-fd4d11b33f15
2025-05-02T12:32:55.439Z [INFO]: Connecting teacher to existing student channels in lesson 937db9b7-41b5-441a-8344-fd4d11b33f15
2025-05-02T12:32:55.439Z [INFO]: User hanantomer@gmail.com joined lesson channel 937db9b7-41b5-441a-8344-fd4d11b33f15
2025-05-02T12:33:58.471Z [INFO]: User hanantomer@gmail.com attempting to join lesson 937db9b7-41b5-441a-8344-fd4d11b33f15
2025-05-02T12:33:58.472Z [INFO]: Processing teacher join request for hanantomer@gmail.com
2025-05-02T12:33:58.473Z [INFO]: Teacher hanantomer@gmail.com joining lesson 937db9b7-41b5-441a-8344-fd4d11b33f15
2025-05-02T12:33:58.473Z [INFO]: Connecting teacher to existing student channels in lesson 937db9b7-41b5-441a-8344-fd4d11b33f15
2025-05-02T12:33:58.474Z [INFO]: User hanantomer@gmail.com joined lesson channel 937db9b7-41b5-441a-8344-fd4d11b33f15
2025-05-02T12:34:36.427Z [INFO]: User hanantomer@gmail.com attempting to join lesson 937db9b7-41b5-441a-8344-fd4d11b33f15
2025-05-02T12:34:36.428Z [INFO]: Processing teacher join request for hanantomer@gmail.com
2025-05-02T12:34:36.428Z [INFO]: Teacher hanantomer@gmail.com joining lesson 937db9b7-41b5-441a-8344-fd4d11b33f15
2025-05-02T12:34:36.429Z [INFO]: Connecting teacher to existing student channels in lesson 937db9b7-41b5-441a-8344-fd4d11b33f15
2025-05-02T12:34:36.430Z [INFO]: User hanantomer@gmail.com joined lesson channel 937db9b7-41b5-441a-8344-fd4d11b33f15
2025-05-02T12:35:06.478Z [INFO]: User hanantomer@gmail.com attempting to join lesson 937db9b7-41b5-441a-8344-fd4d11b33f15
2025-05-02T12:35:06.479Z [INFO]: Processing teacher join request for hanantomer@gmail.com
2025-05-02T12:35:06.480Z [INFO]: Teacher hanantomer@gmail.com joining lesson 937db9b7-41b5-441a-8344-fd4d11b33f15
2025-05-02T12:35:06.480Z [INFO]: Connecting teacher to existing student channels in lesson 937db9b7-41b5-441a-8344-fd4d11b33f15
2025-05-02T12:35:06.481Z [INFO]: User hanantomer@gmail.com joined lesson channel 937db9b7-41b5-441a-8344-fd4d11b33f15
2025-05-02T12:37:21.381Z [INFO]: User hanantomer@gmail.com attempting to join lesson 937db9b7-41b5-441a-8344-fd4d11b33f15
2025-05-02T12:37:21.382Z [INFO]: Processing teacher join request for hanantomer@gmail.com
2025-05-02T12:37:21.383Z [INFO]: Teacher hanantomer@gmail.com joining lesson 937db9b7-41b5-441a-8344-fd4d11b33f15
2025-05-02T12:37:21.383Z [INFO]: Connecting teacher to existing student channels in lesson 937db9b7-41b5-441a-8344-fd4d11b33f15
2025-05-02T12:37:21.383Z [INFO]: User hanantomer@gmail.com joined lesson channel 937db9b7-41b5-441a-8344-fd4d11b33f15
2025-05-02T12:42:09.172Z [INFO]: User hanantomer@gmail.com attempting to join lesson 937db9b7-41b5-441a-8344-fd4d11b33f15
2025-05-02T12:42:09.173Z [INFO]: Processing teacher join request for hanantomer@gmail.com
2025-05-02T12:42:09.174Z [INFO]: Teacher hanantomer@gmail.com joining lesson 937db9b7-41b5-441a-8344-fd4d11b33f15
2025-05-02T12:42:09.175Z [INFO]: Connecting teacher to existing student channels in lesson 937db9b7-41b5-441a-8344-fd4d11b33f15
2025-05-02T12:42:09.176Z [INFO]: User hanantomer@gmail.com joined lesson channel 937db9b7-41b5-441a-8344-fd4d11b33f15
2025-05-02T12:42:20.362Z [INFO]: User hanantomer@gmail.com attempting to join lesson 937db9b7-41b5-441a-8344-fd4d11b33f15
2025-05-02T12:42:20.363Z [INFO]: Processing teacher join request for hanantomer@gmail.com
2025-05-02T12:42:20.363Z [INFO]: Teacher hanantomer@gmail.com joining lesson 937db9b7-41b5-441a-8344-fd4d11b33f15
2025-05-02T12:42:20.364Z [INFO]: Connecting teacher to existing student channels in lesson 937db9b7-41b5-441a-8344-fd4d11b33f15
2025-05-02T12:42:20.364Z [INFO]: User hanantomer@gmail.com joined lesson channel 937db9b7-41b5-441a-8344-fd4d11b33f15
2025-05-02T12:46:43.296Z [INFO]: User hanantomer@gmail.com attempting to join lesson 937db9b7-41b5-441a-8344-fd4d11b33f15
2025-05-02T12:46:43.297Z [INFO]: Processing teacher join request for hanantomer@gmail.com
2025-05-02T12:46:43.297Z [INFO]: Teacher hanantomer@gmail.com joining lesson 937db9b7-41b5-441a-8344-fd4d11b33f15
2025-05-02T12:46:43.298Z [INFO]: Connecting teacher to existing student channels in lesson 937db9b7-41b5-441a-8344-fd4d11b33f15
2025-05-02T12:46:43.298Z [INFO]: User hanantomer@gmail.com joined lesson channel 937db9b7-41b5-441a-8344-fd4d11b33f15
2025-05-02T12:46:47.734Z [INFO]: User hanantomer@gmail.com attempting to join lesson 937db9b7-41b5-441a-8344-fd4d11b33f15
2025-05-02T12:46:47.735Z [INFO]: Processing teacher join request for hanantomer@gmail.com
2025-05-02T12:46:47.736Z [INFO]: Teacher hanantomer@gmail.com joining lesson 937db9b7-41b5-441a-8344-fd4d11b33f15
2025-05-02T12:46:47.736Z [INFO]: Connecting teacher to existing student channels in lesson 937db9b7-41b5-441a-8344-fd4d11b33f15
2025-05-02T12:46:47.737Z [INFO]: User hanantomer@gmail.com joined lesson channel 937db9b7-41b5-441a-8344-fd4d11b33f15
2025-05-02T12:47:20.214Z [INFO]: User hanantomer@gmail.com attempting to join lesson 937db9b7-41b5-441a-8344-fd4d11b33f15
2025-05-02T12:47:20.215Z [INFO]: Processing teacher join request for hanantomer@gmail.com
2025-05-02T12:47:20.215Z [INFO]: Teacher hanantomer@gmail.com joining lesson 937db9b7-41b5-441a-8344-fd4d11b33f15
2025-05-02T12:47:20.216Z [INFO]: Connecting teacher to existing student channels in lesson 937db9b7-41b5-441a-8344-fd4d11b33f15
2025-05-02T12:47:20.216Z [INFO]: User hanantomer@gmail.com joined lesson channel 937db9b7-41b5-441a-8344-fd4d11b33f15
2025-05-02T12:47:34.965Z [INFO]: User hanantomer@gmail.com attempting to join lesson 937db9b7-41b5-441a-8344-fd4d11b33f15
2025-05-02T12:47:34.966Z [INFO]: Processing teacher join request for hanantomer@gmail.com
2025-05-02T12:47:34.966Z [INFO]: Teacher hanantomer@gmail.com joining lesson 937db9b7-41b5-441a-8344-fd4d11b33f15
2025-05-02T12:47:34.967Z [INFO]: Connecting teacher to existing student channels in lesson 937db9b7-41b5-441a-8344-fd4d11b33f15
2025-05-02T12:47:34.967Z [INFO]: User hanantomer@gmail.com joined lesson channel 937db9b7-41b5-441a-8344-fd4d11b33f15
2025-05-02T12:47:54.403Z [INFO]: User hanantomer@gmail.com attempting to join lesson 937db9b7-41b5-441a-8344-fd4d11b33f15
2025-05-02T12:47:54.404Z [INFO]: Processing teacher join request for hanantomer@gmail.com
2025-05-02T12:47:54.404Z [INFO]: Teacher hanantomer@gmail.com joining lesson 937db9b7-41b5-441a-8344-fd4d11b33f15
2025-05-02T12:47:54.405Z [INFO]: Connecting teacher to existing student channels in lesson 937db9b7-41b5-441a-8344-fd4d11b33f15
2025-05-02T12:47:54.405Z [INFO]: User hanantomer@gmail.com joined lesson channel 937db9b7-41b5-441a-8344-fd4d11b33f15
2025-05-02T12:48:10.069Z [INFO]: User hanantomer@gmail.com attempting to join lesson 937db9b7-41b5-441a-8344-fd4d11b33f15
2025-05-02T12:48:10.071Z [INFO]: Processing teacher join request for hanantomer@gmail.com
2025-05-02T12:48:10.072Z [INFO]: Teacher hanantomer@gmail.com joining lesson 937db9b7-41b5-441a-8344-fd4d11b33f15
2025-05-02T12:48:10.072Z [INFO]: Connecting teacher to existing student channels in lesson 937db9b7-41b5-441a-8344-fd4d11b33f15
2025-05-02T12:48:10.073Z [INFO]: User hanantomer@gmail.com joined lesson channel 937db9b7-41b5-441a-8344-fd4d11b33f15
2025-05-02T13:55:27.337Z [INFO]: User hanantomer@gmail.com attempting to join lesson 1deae04a-b1c8-410d-8ed3-600e113e6550
2025-05-02T13:55:27.340Z [INFO]: Processing teacher join request for hanantomer@gmail.com
2025-05-02T13:55:27.340Z [INFO]: Teacher hanantomer@gmail.com joining lesson 1deae04a-b1c8-410d-8ed3-600e113e6550
2025-05-02T13:55:27.341Z [INFO]: User hanantomer@gmail.com joined lesson channel 1deae04a-b1c8-410d-8ed3-600e113e6550
2025-05-02T13:56:05.543Z [INFO]: User hanantomer@gmail.com attempting to join lesson 1deae04a-b1c8-410d-8ed3-600e113e6550
2025-05-02T13:56:05.544Z [INFO]: Processing teacher join request for hanantomer@gmail.com
2025-05-02T13:56:05.545Z [INFO]: Teacher hanantomer@gmail.com joining lesson 1deae04a-b1c8-410d-8ed3-600e113e6550
2025-05-02T13:56:05.545Z [INFO]: User hanantomer@gmail.com joined lesson channel 1deae04a-b1c8-410d-8ed3-600e113e6550
2025-05-02T13:56:15.682Z [INFO]: User hanantomer@gmail.com attempting to join lesson 1deae04a-b1c8-410d-8ed3-600e113e6550
2025-05-02T13:56:15.683Z [INFO]: Processing teacher join request for hanantomer@gmail.com
2025-05-02T13:56:15.684Z [INFO]: Teacher hanantomer@gmail.com joining lesson 1deae04a-b1c8-410d-8ed3-600e113e6550
2025-05-02T13:56:15.684Z [INFO]: User hanantomer@gmail.com joined lesson channel 1deae04a-b1c8-410d-8ed3-600e113e6550
2025-05-02T15:00:14.203Z [INFO]: User hanantomer@gmail.com attempting to join lesson 1deae04a-b1c8-410d-8ed3-600e113e6550
2025-05-02T15:00:14.205Z [INFO]: Processing teacher join request for hanantomer@gmail.com
2025-05-02T15:00:14.205Z [INFO]: Teacher hanantomer@gmail.com joining lesson 1deae04a-b1c8-410d-8ed3-600e113e6550
2025-05-02T15:00:14.206Z [INFO]: User hanantomer@gmail.com joined lesson channel 1deae04a-b1c8-410d-8ed3-600e113e6550
2025-05-02T15:00:41.633Z [INFO]: User hanantomer@gmail.com attempting to join lesson 1deae04a-b1c8-410d-8ed3-600e113e6550
2025-05-02T15:00:41.634Z [INFO]: Processing teacher join request for hanantomer@gmail.com
2025-05-02T15:00:41.634Z [INFO]: Teacher hanantomer@gmail.com joining lesson 1deae04a-b1c8-410d-8ed3-600e113e6550
2025-05-02T15:00:41.635Z [INFO]: User hanantomer@gmail.com joined lesson channel 1deae04a-b1c8-410d-8ed3-600e113e6550
2025-05-02T15:01:05.744Z [INFO]: User hanantomer@gmail.com attempting to join lesson 1deae04a-b1c8-410d-8ed3-600e113e6550
2025-05-02T15:01:05.745Z [INFO]: Processing teacher join request for hanantomer@gmail.com
2025-05-02T15:01:05.746Z [INFO]: Teacher hanantomer@gmail.com joining lesson 1deae04a-b1c8-410d-8ed3-600e113e6550
2025-05-02T15:01:05.747Z [INFO]: User hanantomer@gmail.com joined lesson channel 1deae04a-b1c8-410d-8ed3-600e113e6550
2025-05-02T15:03:50.564Z [INFO]: User hanantomer@gmail.com attempting to join lesson 1deae04a-b1c8-410d-8ed3-600e113e6550
2025-05-02T15:03:50.565Z [INFO]: Processing teacher join request for hanantomer@gmail.com
2025-05-02T15:03:50.565Z [INFO]: Teacher hanantomer@gmail.com joining lesson 1deae04a-b1c8-410d-8ed3-600e113e6550
2025-05-02T15:03:50.565Z [INFO]: User hanantomer@gmail.com joined lesson channel 1deae04a-b1c8-410d-8ed3-600e113e6550
2025-05-02T15:06:42.178Z [INFO]: User hanantomer@gmail.com attempting to join lesson 1deae04a-b1c8-410d-8ed3-600e113e6550
2025-05-02T15:06:42.179Z [INFO]: Processing teacher join request for hanantomer@gmail.com
2025-05-02T15:06:42.180Z [INFO]: Teacher hanantomer@gmail.com joining lesson 1deae04a-b1c8-410d-8ed3-600e113e6550
2025-05-02T15:06:42.180Z [INFO]: User hanantomer@gmail.com joined lesson channel 1deae04a-b1c8-410d-8ed3-600e113e6550
2025-05-02T15:07:57.389Z [INFO]: User hanantomer@gmail.com attempting to join lesson 1deae04a-b1c8-410d-8ed3-600e113e6550
2025-05-02T15:07:57.390Z [INFO]: Processing teacher join request for hanantomer@gmail.com
2025-05-02T15:07:57.390Z [INFO]: Teacher hanantomer@gmail.com joining lesson 1deae04a-b1c8-410d-8ed3-600e113e6550
2025-05-02T15:07:57.391Z [INFO]: User hanantomer@gmail.com joined lesson channel 1deae04a-b1c8-410d-8ed3-600e113e6550
2025-05-02T15:25:26.562Z [INFO]: Authentication service initialized
2025-05-02T15:27:17.585Z [INFO]: User hanantomer@gmail.com attempting to join lesson 90d104f8-6b94-47b5-be18-a394ac92e147
2025-05-02T15:27:17.587Z [INFO]: Processing teacher join request for hanantomer@gmail.com
2025-05-02T15:27:17.587Z [INFO]: Teacher hanantomer@gmail.com joining lesson 90d104f8-6b94-47b5-be18-a394ac92e147
2025-05-02T15:27:17.588Z [INFO]: User hanantomer@gmail.com joined lesson channel 90d104f8-6b94-47b5-be18-a394ac92e147
2025-05-03T20:20:48.288Z [INFO]: Authentication service initialized
2025-05-03T20:21:22.666Z [INFO]: User hanantomer@gmail.com attempting to join lesson 3d096a1f-9de0-466b-b2af-7695d26b670c
2025-05-03T20:21:22.667Z [INFO]: Processing teacher join request for hanantomer@gmail.com
2025-05-03T20:21:22.667Z [INFO]: Teacher hanantomer@gmail.com joining lesson 3d096a1f-9de0-466b-b2af-7695d26b670c
2025-05-03T20:21:22.668Z [INFO]: User hanantomer@gmail.com joined lesson channel 3d096a1f-9de0-466b-b2af-7695d26b670c
2025-05-03T20:22:40.677Z [INFO]: User hanantomer@gmail.com attempting to join lesson 3d096a1f-9de0-466b-b2af-7695d26b670c
2025-05-03T20:22:40.678Z [INFO]: Processing teacher join request for hanantomer@gmail.com
2025-05-03T20:22:40.678Z [INFO]: Teacher hanantomer@gmail.com joining lesson 3d096a1f-9de0-466b-b2af-7695d26b670c
2025-05-03T20:22:40.679Z [INFO]: User hanantomer@gmail.com joined lesson channel 3d096a1f-9de0-466b-b2af-7695d26b670c
2025-05-03T20:23:55.219Z [INFO]: User hanantomer@gmail.com attempting to join lesson 3d096a1f-9de0-466b-b2af-7695d26b670c
2025-05-03T20:23:55.221Z [INFO]: Processing teacher join request for hanantomer@gmail.com
2025-05-03T20:23:55.221Z [INFO]: Teacher hanantomer@gmail.com joining lesson 3d096a1f-9de0-466b-b2af-7695d26b670c
2025-05-03T20:23:55.222Z [INFO]: User hanantomer@gmail.com joined lesson channel 3d096a1f-9de0-466b-b2af-7695d26b670c
2025-05-03T20:29:51.552Z [INFO]: User hanantomer@gmail.com attempting to join lesson fdec6bbf-4b1c-4e04-bc40-1b4820c5cea5
2025-05-03T20:29:51.555Z [INFO]: Processing teacher join request for hanantomer@gmail.com
2025-05-03T20:29:51.557Z [INFO]: Teacher hanantomer@gmail.com joining lesson fdec6bbf-4b1c-4e04-bc40-1b4820c5cea5
2025-05-03T20:29:51.558Z [INFO]: User hanantomer@gmail.com joined lesson channel fdec6bbf-4b1c-4e04-bc40-1b4820c5cea5
2025-05-03T20:31:26.545Z [INFO]: User hanantomer@gmail.com attempting to join lesson fdec6bbf-4b1c-4e04-bc40-1b4820c5cea5
2025-05-03T20:31:26.546Z [INFO]: Processing teacher join request for hanantomer@gmail.com
2025-05-03T20:31:26.547Z [INFO]: Teacher hanantomer@gmail.com joining lesson fdec6bbf-4b1c-4e04-bc40-1b4820c5cea5
2025-05-03T20:31:26.547Z [INFO]: User hanantomer@gmail.com joined lesson channel fdec6bbf-4b1c-4e04-bc40-1b4820c5cea5
